#
# A fatal error has been detected by the Java Runtime Environment:
#
#  EXCEPTION_ACCESS_VIOLATION (0xc0000005) at pc=0x00007ffa3be4a658, pid=6712, tid=10180
#
# JRE version: OpenJDK Runtime Environment (11.0.10) (build 11.0.10+0-b96-7249189)
# Java VM: OpenJDK 64-Bit Server VM (11.0.10+0-b96-7249189, mixed mode, tiered, compressed oops, g1 gc, windows-amd64)
# Problematic frame:
# V  [jvm.dll+0x19a658]
#
# No core dump will be written. Minidumps are not enabled by default on client versions of Windows
#
# If you would like to submit a bug report, please visit:
#   https://bugreport.java.com/bugreport/crash.jsp
#

---------------  S U M M A R Y ------------

Command Line: --add-opens=java.base/java.util=ALL-UNNAMED --add-opens=java.base/java.lang=ALL-UNNAMED --add-opens=java.base/java.lang.invoke=ALL-UNNAMED --add-opens=java.prefs/java.util.prefs=ALL-UNNAMED -Xmx1536m -Dfile.encoding=windows-1252 -Duser.country=PH -Duser.language=en -Duser.variant org.gradle.launcher.daemon.bootstrap.GradleDaemon 5.4.1

Host: Intel(R) Core(TM) i5-7300HQ CPU @ 2.50GHz, 4 cores, 7G,  Windows 10 , 64 bit Build 19041 (10.0.19041.1151)
Time: Sun Sep 12 20:42:21 2021 Malay Peninsula Standard Time elapsed time: 137.070650 seconds (0d 0h 2m 17s)

---------------  T H R E A D  ---------------

Current thread (0x0000021ba41e6800):  JavaThread "C2 CompilerThread1" daemon [_thread_in_native, id=10180, stack(0x000000bc91f00000,0x000000bc92000000)]


Current CompileTask:
C2: 137070 9524   !   4       java.nio.file.FileTreeWalker::visit (204 bytes)

Stack: [0x000000bc91f00000,0x000000bc92000000],  sp=0x000000bc91ffba50,  free space=1006k
Native frames: (J=compiled Java code, j=interpreted, Vv=VM code, C=native code)
V  [jvm.dll+0x19a658]
V  [jvm.dll+0x198016]
V  [jvm.dll+0x1fb70e]
V  [jvm.dll+0x1fa7f4]
V  [jvm.dll+0x18354c]
V  [jvm.dll+0x208ee7]
V  [jvm.dll+0x207731]
V  [jvm.dll+0x6eb1cf]
V  [jvm.dll+0x6e3d45]
V  [jvm.dll+0x5ebe96]
C  [ucrtbase.dll+0x21bb2]
C  [KERNEL32.DLL+0x17034]
C  [ntdll.dll+0x52651]


siginfo: EXCEPTION_ACCESS_VIOLATION (0xc0000005), reading address 0x00007ffa344530d0


Register to memory mapping:

RIP=0x00007ffa3be4a658 jvm.dll
RAX=0x00007ffa34453010 is an unknown value
RBX=0x0000000000000001 is an unknown value
RCX=0x0000021ba6452238 points into unknown readable memory: 0x00007ffa34453010 | 10 30 45 34 fa 7f 00 00
RDX=0x0 is NULL
RSP=0x000000bc91ffba50 is pointing into the stack for thread: 0x0000021ba41e6800
RBP=0xffffffffffffffff is an unknown value
RSI=0x000000bc91ffbf50 is pointing into the stack for thread: 0x0000021ba41e6800
RDI=0x0000000000000001 is an unknown value
R8 =
[error occurred during error reporting (printing register info), id 0xc0000005, EXCEPTION_ACCESS_VIOLATION (0xc0000005) at pc=0x00007ffa3bf89dc7]

Registers:
RAX=0x00007ffa34453010, RBX=0x0000000000000001, RCX=0x0000021ba6452238, RDX=0x0000000000000000
RSP=0x000000bc91ffba50, RBP=0xffffffffffffffff, RSI=0x000000bc91ffbf50, RDI=0x0000000000000001
R8 =0x00000000ffffffff, R9 =0xffffffffffffffff, R10=0x0000021ba3b3e2b0, R11=0x00000000000000aa
R12=0x0000000000000001, R13=0x0000000000000001, R14=0x0000021ba6452238, R15=0x0000021ba5dcacb8
RIP=0x00007ffa3be4a658, EFLAGS=0x0000000000010246

Top of Stack: (sp=0x000000bc91ffba50)
0x000000bc91ffba50:   0000021ba74f2a90 0000021ba74f2ac8
0x000000bc91ffba60:   0000021ba3b3e468 00007ffa3c63b610
0x000000bc91ffba70:   0000032600000001 0000000000000001
0x000000bc91ffba80:   0000021ba5dcacb8 0000000000000000
0x000000bc91ffba90:   0000000000000000 0000000000000000
0x000000bc91ffbaa0:   000000000000159e 0000021ba35142b0
0x000000bc91ffbab0:   0000021ba35142c0 0000000000000008
0x000000bc91ffbac0:   00000000000003d8 000000bc91ffbbf0
0x000000bc91ffbad0:   0000000000000000 000000bc91ffc038
0x000000bc91ffbae0:   000000bc91ffbf50 00007ffa3be48016
0x000000bc91ffbaf0:   000000bc91ffbf50 000000bc91ffbb01
0x000000bc91ffbb00:   000000bc91ffc001 00000000ffffffff
0x000000bc91ffbb10:   0000000000008100 0000000000000000
0x000000bc91ffbb20:   000000bc00000006 0000021ba35142b0
0x000000bc91ffbb30:   0000021ba5a02f10 0000021ba5a0a350
0x000000bc91ffbb40:   0000021ba5a0aef8 00000000002a04a8 

Instructions: (pc=0x00007ffa3be4a658)
0x00007ffa3be4a558:   c4 b0 00 00 00 5d c3 cc 88 54 24 10 48 89 4c 24
0x00007ffa3be4a568:   08 53 56 57 48 81 ec 80 00 00 00 48 8b 41 48 48
0x00007ffa3be4a578:   8b f1 48 8b 40 10 48 8b 40 08 48 8b 40 08 48 8b
0x00007ffa3be4a588:   40 08 48 8b 40 18 48 63 78 28 48 8b 81 28 01 00
0x00007ffa3be4a598:   00 8b 04 b8 48 8d 14 80 48 8b 41 70 48 c1 e2 05
0x00007ffa3be4a5a8:   48 8b 48 20 f2 0f 10 04 0a f2 0f 58 05 5f 25 66
0x00007ffa3be4a5b8:   00 f2 0f 11 04 0a 33 c9 48 8b 46 48 89 4c 24 24
0x00007ffa3be4a5c8:   39 48 40 0f 86 15 07 00 00 48 89 6c 24 78 48 83
0x00007ffa3be4a5d8:   cd ff 4c 89 64 24 70 4c 89 6c 24 68 44 8d 69 01
0x00007ffa3be4a5e8:   4c 89 74 24 60 4c 89 7c 24 58 0f 29 74 24 40 f2
0x00007ffa3be4a5f8:   0f 10 35 29 31 64 00 90 48 8b 40 30 4c 8b 3c c8
0x00007ffa3be4a608:   41 8b c5 4c 89 7c 24 30 89 44 24 20 41 83 7f 28
0x00007ffa3be4a618:   01 0f 86 92 06 00 00 90 41 3b 47 18 73 0c 8b c8
0x00007ffa3be4a628:   49 8b 47 20 4c 8b 34 c8 eb 03 45 33 f6 41 8b 46
0x00007ffa3be4a638:   2c 45 8b e5 24 03 c6 84 24 b0 00 00 00 00 3c 02
0x00007ffa3be4a648:   75 17 49 8b 06 49 8b ce c6 84 24 b0 00 00 00 01
0x00007ffa3be4a658:   ff 90 c0 00 00 00 44 8b e0 48 8b 86 28 01 00 00
0x00007ffa3be4a668:   49 63 4e 28 41 0f b7 7e 30 83 e7 01 8b 14 88 48
0x00007ffa3be4a678:   8b 46 70 48 8d 1c 92 48 c1 e3 05 48 03 58 20 85
0x00007ffa3be4a688:   d2 0f 84 22 03 00 00 85 ff 74 3a 81 8b 98 00 00
0x00007ffa3be4a698:   00 00 10 00 00 49 8b 46 08 48 8b 0c f8 48 8b 86
0x00007ffa3be4a6a8:   28 01 00 00 48 63 51 28 8b 0c 90 48 8b 46 70 48
0x00007ffa3be4a6b8:   8d 14 89 48 c1 e2 05 48 03 50 20 81 8a 98 00 00
0x00007ffa3be4a6c8:   00 00 10 00 00 49 8b 06 49 8b ce ff 50 28 4c 8b
0x00007ffa3be4a6d8:   f8 8b 50 10 8d 4a e5 83 f9 01 76 08 8d 4a e2 83
0x00007ffa3be4a6e8:   f9 01 77 07 83 8b 98 00 00 00 02 41 8b 4e 28 8b
0x00007ffa3be4a6f8:   c1 c1 e8 05 3b 86 90 00 00 00 73 4f 8b f8 83 e1
0x00007ffa3be4a708:   1f 48 8b 86 98 00 00 00 41 8b d5 d3 e2 8b 04 b8
0x00007ffa3be4a718:   23 c2 74 37 83 8b 98 00 00 00 08 41 8b 4e 28 8b
0x00007ffa3be4a728:   c1 c1 e8 05 3b 86 b0 00 00 00 73 1f 8b f8 83 e1
0x00007ffa3be4a738:   1f 48 8b 86 b8 00 00 00 41 8b d5 d3 e2 8b 04 b8
0x00007ffa3be4a748:   23 c2 74 07 83 8b 98 00 00 00 10 48 83 7b 18 00 


Stack slot to memory mapping:
stack at sp + 0 slots: 0x0000021ba74f2a90 points into unknown readable memory: 0x0000000000000000 | 00 00 00 00 00 00 00 00
stack at sp + 1 slots: 0x0000021ba74f2ac8 points into unknown readable memory: 0x0000000000300000 | 00 00 30 00 00 00 00 00
stack at sp + 2 slots: 0x0000021ba3b3e468 points into unknown readable memory: 0x0000000000c00000 | 00 00 c0 00 00 00 00 00
stack at sp + 3 slots: 0x00007ffa3c63b610 jvm.dll
stack at sp + 4 slots: 0x0000032600000001 is an unknown value
stack at sp + 5 slots: 0x0000000000000001 is an unknown value
stack at sp + 6 slots: 0x0000021ba5dcacb8 points into unknown readable memory: 0x00007ffa3c498568 | 68 85 49 3c fa 7f 00 00
stack at sp + 7 slots: 0x0 is NULL


---------------  P R O C E S S  ---------------

Threads class SMR info:
_java_thread_list=0x0000021ba0218d80, length=41, elements={
0x0000021b866db000, 0x0000021b9ff51800, 0x0000021b9ff55000, 0x0000021b9f73f800,
0x0000021b9f741800, 0x0000021b9f744800, 0x0000021b9f748000, 0x0000021b9ffa3800,
0x0000021b9ffa6800, 0x0000021ba010c800, 0x0000021ba0aba800, 0x0000021ba031d800,
0x0000021ba1721000, 0x0000021ba1b98800, 0x0000021ba18db800, 0x0000021ba19e2800,
0x0000021ba0a96800, 0x0000021ba17b0000, 0x0000021ba1909800, 0x0000021ba1909000,
0x0000021ba190c000, 0x0000021ba190b800, 0x0000021ba190a800, 0x0000021ba46ac800,
0x0000021ba46ad800, 0x0000021ba46ae000, 0x0000021ba46aa000, 0x0000021ba46a9000,
0x0000021ba46af000, 0x0000021ba46af800, 0x0000021ba46b0800, 0x0000021ba46ab800,
0x0000021ba46ab000, 0x0000021ba46b2000, 0x0000021ba46b6800, 0x0000021ba46b7000,
0x0000021ba46b1800, 0x0000021ba46b8000, 0x0000021ba46b3000, 0x0000021ba46b4000,
0x0000021ba41e6800
}

Java Threads: ( => current thread )
  0x0000021b866db000 JavaThread "main" [_thread_blocked, id=7676, stack(0x000000bc90300000,0x000000bc90400000)]
  0x0000021b9ff51800 JavaThread "Reference Handler" daemon [_thread_blocked, id=7888, stack(0x000000bc90a00000,0x000000bc90b00000)]
  0x0000021b9ff55000 JavaThread "Finalizer" daemon [_thread_blocked, id=6724, stack(0x000000bc90b00000,0x000000bc90c00000)]
  0x0000021b9f73f800 JavaThread "Signal Dispatcher" daemon [_thread_blocked, id=6216, stack(0x000000bc90c00000,0x000000bc90d00000)]
  0x0000021b9f741800 JavaThread "Attach Listener" daemon [_thread_blocked, id=3224, stack(0x000000bc90d00000,0x000000bc90e00000)]
  0x0000021b9f744800 JavaThread "Service Thread" daemon [_thread_blocked, id=1304, stack(0x000000bc90e00000,0x000000bc90f00000)]
  0x0000021b9f748000 JavaThread "C2 CompilerThread0" daemon [_thread_in_native, id=7924, stack(0x000000bc90f00000,0x000000bc91000000)]
  0x0000021b9ffa3800 JavaThread "C1 CompilerThread0" daemon [_thread_blocked, id=7032, stack(0x000000bc91000000,0x000000bc91100000)]
  0x0000021b9ffa6800 JavaThread "Sweeper thread" daemon [_thread_blocked, id=7020, stack(0x000000bc91100000,0x000000bc91200000)]
  0x0000021ba010c800 JavaThread "Common-Cleaner" daemon [_thread_blocked, id=7972, stack(0x000000bc91200000,0x000000bc91300000)]
  0x0000021ba0aba800 JavaThread "Daemon health stats" [_thread_blocked, id=1192, stack(0x000000bc91700000,0x000000bc91800000)]
  0x0000021ba031d800 JavaThread "Incoming local TCP Connector on port 1729" [_thread_in_native, id=6948, stack(0x000000bc91400000,0x000000bc91500000)]
  0x0000021ba1721000 JavaThread "Daemon periodic checks" [_thread_blocked, id=7708, stack(0x000000bc91900000,0x000000bc91a00000)]
  0x0000021ba1b98800 JavaThread "Daemon" [_thread_blocked, id=8140, stack(0x000000bc91a00000,0x000000bc91b00000)]
  0x0000021ba18db800 JavaThread "Handler for socket connection from /127.0.0.1:1729 to /127.0.0.1:1730" [_thread_in_native, id=7484, stack(0x000000bc91b00000,0x000000bc91c00000)]
  0x0000021ba19e2800 JavaThread "Cancel handler" [_thread_blocked, id=5516, stack(0x000000bc91c00000,0x000000bc91d00000)]
  0x0000021ba0a96800 JavaThread "Daemon worker" [_thread_blocked, id=6196, stack(0x000000bc91d00000,0x000000bc91e00000)]
  0x0000021ba17b0000 JavaThread "Asynchronous log dispatcher for DefaultDaemonConnection: socket connection from /127.0.0.1:1729 to /127.0.0.1:1730" [_thread_blocked, id=8952, stack(0x000000bc91e00000,0x000000bc91f00000)]
  0x0000021ba1909800 JavaThread "Thread-8" [_thread_blocked, id=7108, stack(0x000000bc92000000,0x000000bc92100000)]
  0x0000021ba1909000 JavaThread "Cache worker for file hash cache (C:\Users\User\.gradle\caches\5.4.1\fileHashes)" [_thread_blocked, id=8628, stack(0x000000bc92100000,0x000000bc92200000)]
  0x0000021ba190c000 JavaThread "File lock request listener" [_thread_in_native, id=5672, stack(0x000000bc92200000,0x000000bc92300000)]
  0x0000021ba190b800 JavaThread "Cache worker for journal cache (C:\Users\User\.gradle\caches\journal-1)" [_thread_blocked, id=3152, stack(0x000000bc92300000,0x000000bc92400000)]
  0x0000021ba190a800 JavaThread "Cache worker for file hash cache (C:\Users\User\Desktop\Other Things\MCFE\IPAMSS\.gradle\5.4.1\fileHashes)" [_thread_blocked, id=8096, stack(0x000000bc92500000,0x000000bc92600000)]
  0x0000021ba46ac800 JavaThread "Cache worker for cache directory md-supplier (C:\Users\User\.gradle\caches\5.4.1\md-supplier)" [_thread_blocked, id=7908, stack(0x000000bc92600000,0x000000bc92700000)]
  0x0000021ba46ad800 JavaThread "Cache worker for cache directory md-rule (C:\Users\User\.gradle\caches\5.4.1\md-rule)" [_thread_blocked, id=8168, stack(0x000000bc92700000,0x000000bc92800000)]
  0x0000021ba46ae000 JavaThread "Cache worker for execution history cache (C:\Users\User\.gradle\caches\5.4.1\executionHistory)" [_thread_blocked, id=7424, stack(0x000000bc92800000,0x000000bc92900000)]
  0x0000021ba46aa000 JavaThread "Build operations" [_thread_blocked, id=7936, stack(0x000000bc92900000,0x000000bc92a00000)]
  0x0000021ba46a9000 JavaThread "Build operations Thread 2" [_thread_blocked, id=9084, stack(0x000000bc92a00000,0x000000bc92b00000)]
  0x0000021ba46af000 JavaThread "Build operations Thread 3" [_thread_blocked, id=8792, stack(0x000000bc92b00000,0x000000bc92c00000)]
  0x0000021ba46af800 JavaThread "Build operations Thread 4" [_thread_blocked, id=1748, stack(0x000000bc92c00000,0x000000bc92d00000)]
  0x0000021ba46b0800 JavaThread "Cache worker for Build Output Cleanup Cache (C:\Users\User\Desktop\Other Things\MCFE\IPAMSS\.gradle\buildOutputCleanup)" [_thread_blocked, id=5820, stack(0x000000bc92400000,0x000000bc92500000)]
  0x0000021ba46ab800 JavaThread "Memory manager" [_thread_blocked, id=6756, stack(0x000000bc92d00000,0x000000bc92e00000)]
  0x0000021ba46ab000 JavaThread "Cache worker for file content cache (C:\Users\User\.gradle\caches\5.4.1\fileContent)" [_thread_blocked, id=8576, stack(0x000000bc92f00000,0x000000bc93000000)]
  0x0000021ba46b2000 JavaThread "Cache worker for file content cache (C:\Users\User\Desktop\Other Things\MCFE\IPAMSS\.gradle\5.4.1\fileContent)" [_thread_blocked, id=8284, stack(0x000000bc93000000,0x000000bc93100000)]
  0x0000021ba46b6800 JavaThread "Execution worker for ':'" [_thread_blocked, id=9372, stack(0x000000bc93200000,0x000000bc93300000)]
  0x0000021ba46b7000 JavaThread "Execution worker for ':' Thread 2" [_thread_blocked, id=9384, stack(0x000000bc93300000,0x000000bc93400000)]
  0x0000021ba46b1800 JavaThread "Execution worker for ':' Thread 3" [_thread_in_native, id=9388, stack(0x000000bc93400000,0x000000bc93500000)]
  0x0000021ba46b8000 JavaThread "Cache worker for execution history cache (C:\Users\User\Desktop\Other Things\MCFE\IPAMSS\.gradle\5.4.1\executionHistory)" [_thread_blocked, id=10140, stack(0x000000bc90100000,0x000000bc90200000)]
  0x0000021ba46b3000 JavaThread "Cache worker for Java compile cache (C:\Users\User\.gradle\caches\5.4.1\javaCompile)" [_thread_blocked, id=10652, stack(0x000000bc90000000,0x000000bc90100000)]
  0x0000021ba46b4000 JavaThread "Cache worker for Java compile cache (C:\Users\User\Desktop\Other Things\MCFE\IPAMSS\.gradle\5.4.1\javaCompile)" [_thread_blocked, id=10656, stack(0x000000bc90200000,0x000000bc90300000)]
=>0x0000021ba41e6800 JavaThread "C2 CompilerThread1" daemon [_thread_in_native, id=10180, stack(0x000000bc91f00000,0x000000bc92000000)]

Other Threads:
  0x0000021b9f70e800 VMThread "VM Thread" [stack: 0x000000bc90900000,0x000000bc90a00000] [id=7984]
  0x0000021ba011d800 WatcherThread [stack: 0x000000bc91300000,0x000000bc91400000] [id=7088]
  0x0000021b866f3800 GCTaskThread "GC Thread#0" [stack: 0x000000bc90400000,0x000000bc90500000] [id=4304]
  0x0000021ba082b800 GCTaskThread "GC Thread#1" [stack: 0x000000bc91500000,0x000000bc91600000] [id=6560]
  0x0000021ba082c800 GCTaskThread "GC Thread#2" [stack: 0x000000bc91600000,0x000000bc91700000] [id=6636]
  0x0000021ba1570800 GCTaskThread "GC Thread#3" [stack: 0x000000bc91800000,0x000000bc91900000] [id=8936]
  0x0000021b8671a000 ConcurrentGCThread "G1 Main Marker" [stack: 0x000000bc90500000,0x000000bc90600000] [id=6744]
  0x0000021b8671b800 ConcurrentGCThread "G1 Conc#0" [stack: 0x000000bc90600000,0x000000bc90700000] [id=1072]
  0x0000021b9f576800 ConcurrentGCThread "G1 Refine#0" [stack: 0x000000bc90700000,0x000000bc90800000] [id=3572]
  0x0000021b9f579000 ConcurrentGCThread "G1 Young RemSet Sampling" [stack: 0x000000bc90800000,0x000000bc90900000] [id=7504]

Threads with active compile tasks:
C2 CompilerThread0 137443 9580   !   4       java.nio.file.FileTreeWalker::next (144 bytes)
C2 CompilerThread1 137443 9524   !   4       java.nio.file.FileTreeWalker::visit (204 bytes)

VM state:not at safepoint (normal execution)

VM Mutex/Monitor currently owned by a thread: None

Heap address: 0x00000000a0000000, size: 1536 MB, Compressed Oops mode: 32-bit
Narrow klass base: 0x0000000000000000, Narrow klass shift: 3
Compressed class space size: 1073741824 Address: 0x0000000100000000

Heap:
 garbage-first heap   total 131072K, used 106156K [0x00000000a0000000, 0x0000000100000000)
  region size 1024K, 3 young (3072K), 1 survivors (1024K)
 Metaspace       used 80981K, capacity 82699K, committed 82944K, reserved 1122304K
  class space    used 10322K, capacity 10898K, committed 11008K, reserved 1048576K
Heap Regions: E=young(eden), S=young(survivor), O=old, HS=humongous(starts), HC=humongous(continues), CS=collection set, F=free, A=archive, TAMS=top-at-mark-start (previous, next)
|   0|0x00000000a0000000, 0x00000000a0100000, 0x00000000a0100000|100%| O|  |TAMS 0x00000000a0100000, 0x00000000a0000000| Untracked 
|   1|0x00000000a0100000, 0x00000000a0200000, 0x00000000a0200000|100%| O|  |TAMS 0x00000000a0200000, 0x00000000a0100000| Untracked 
|   2|0x00000000a0200000, 0x00000000a0300000, 0x00000000a0300000|100%|HS|  |TAMS 0x00000000a0300000, 0x00000000a0200000| Complete 
|   3|0x00000000a0300000, 0x00000000a0400000, 0x00000000a0400000|100%|HS|  |TAMS 0x00000000a0400000, 0x00000000a0300000| Complete 
|   4|0x00000000a0400000, 0x00000000a0500000, 0x00000000a0500000|100%|HC|  |TAMS 0x00000000a0500000, 0x00000000a0400000| Complete 
|   5|0x00000000a0500000, 0x00000000a0600000, 0x00000000a0600000|100%| O|  |TAMS 0x00000000a0600000, 0x00000000a0500000| Untracked 
|   6|0x00000000a0600000, 0x00000000a0700000, 0x00000000a0700000|100%| O|  |TAMS 0x00000000a0700000, 0x00000000a0600000| Untracked 
|   7|0x00000000a0700000, 0x00000000a0800000, 0x00000000a0800000|100%| O|  |TAMS 0x00000000a0800000, 0x00000000a0700000| Untracked 
|   8|0x00000000a0800000, 0x00000000a0900000, 0x00000000a0900000|100%| O|  |TAMS 0x00000000a0900000, 0x00000000a0800000| Untracked 
|   9|0x00000000a0900000, 0x00000000a0a00000, 0x00000000a0a00000|100%| O|  |TAMS 0x00000000a0a00000, 0x00000000a0900000| Untracked 
|  10|0x00000000a0a00000, 0x00000000a0b00000, 0x00000000a0b00000|100%| O|  |TAMS 0x00000000a0b00000, 0x00000000a0a00000| Untracked 
|  11|0x00000000a0b00000, 0x00000000a0c00000, 0x00000000a0c00000|100%| O|  |TAMS 0x00000000a0c00000, 0x00000000a0b00000| Untracked 
|  12|0x00000000a0c00000, 0x00000000a0d00000, 0x00000000a0d00000|100%| O|  |TAMS 0x00000000a0d00000, 0x00000000a0c00000| Untracked 
|  13|0x00000000a0d00000, 0x00000000a0e00000, 0x00000000a0e00000|100%|HS|  |TAMS 0x00000000a0e00000, 0x00000000a0d00000| Complete 
|  14|0x00000000a0e00000, 0x00000000a0f00000, 0x00000000a0f00000|100%|HC|  |TAMS 0x00000000a0f00000, 0x00000000a0e00000| Complete 
|  15|0x00000000a0f00000, 0x00000000a1000000, 0x00000000a1000000|100%|HS|  |TAMS 0x00000000a1000000, 0x00000000a0f00000| Complete 
|  16|0x00000000a1000000, 0x00000000a1100000, 0x00000000a1100000|100%|HC|  |TAMS 0x00000000a1100000, 0x00000000a1000000| Complete 
|  17|0x00000000a1100000, 0x00000000a1200000, 0x00000000a1200000|100%|HC|  |TAMS 0x00000000a1200000, 0x00000000a1100000| Complete 
|  18|0x00000000a1200000, 0x00000000a1300000, 0x00000000a1300000|100%|HS|  |TAMS 0x00000000a1300000, 0x00000000a1200000| Complete 
|  19|0x00000000a1300000, 0x00000000a1400000, 0x00000000a1400000|100%|HC|  |TAMS 0x00000000a1400000, 0x00000000a1300000| Complete 
|  20|0x00000000a1400000, 0x00000000a1500000, 0x00000000a1500000|100%|HC|  |TAMS 0x00000000a1500000, 0x00000000a1400000| Complete 
|  21|0x00000000a1500000, 0x00000000a1600000, 0x00000000a1600000|100%|HC|  |TAMS 0x00000000a1600000, 0x00000000a1500000| Complete 
|  22|0x00000000a1600000, 0x00000000a1700000, 0x00000000a1700000|100%|HC|  |TAMS 0x00000000a1700000, 0x00000000a1600000| Complete 
|  23|0x00000000a1700000, 0x00000000a1800000, 0x00000000a1800000|100%| O|  |TAMS 0x00000000a1800000, 0x00000000a1700000| Untracked 
|  24|0x00000000a1800000, 0x00000000a1900000, 0x00000000a1900000|100%|HS|  |TAMS 0x00000000a1900000, 0x00000000a1800000| Complete 
|  25|0x00000000a1900000, 0x00000000a1a00000, 0x00000000a1a00000|100%|HC|  |TAMS 0x00000000a1a00000, 0x00000000a1900000| Complete 
|  26|0x00000000a1a00000, 0x00000000a1b00000, 0x00000000a1b00000|100%|HC|  |TAMS 0x00000000a1b00000, 0x00000000a1a00000| Complete 
|  27|0x00000000a1b00000, 0x00000000a1c00000, 0x00000000a1c00000|100%| O|  |TAMS 0x00000000a1c00000, 0x00000000a1b00000| Untracked 
|  28|0x00000000a1c00000, 0x00000000a1d00000, 0x00000000a1d00000|100%| O|  |TAMS 0x00000000a1d00000, 0x00000000a1c00000| Untracked 
|  29|0x00000000a1d00000, 0x00000000a1e00000, 0x00000000a1e00000|100%| O|  |TAMS 0x00000000a1e00000, 0x00000000a1d00000| Untracked 
|  30|0x00000000a1e00000, 0x00000000a1f00000, 0x00000000a1f00000|100%| O|  |TAMS 0x00000000a1f00000, 0x00000000a1e00000| Untracked 
|  31|0x00000000a1f00000, 0x00000000a2000000, 0x00000000a2000000|100%| O|  |TAMS 0x00000000a2000000, 0x00000000a1f00000| Untracked 
|  32|0x00000000a2000000, 0x00000000a2100000, 0x00000000a2100000|100%| O|  |TAMS 0x00000000a2100000, 0x00000000a2000000| Untracked 
|  33|0x00000000a2100000, 0x00000000a2200000, 0x00000000a2200000|100%| O|  |TAMS 0x00000000a2200000, 0x00000000a2100000| Untracked 
|  34|0x00000000a2200000, 0x00000000a2300000, 0x00000000a2300000|100%|HS|  |TAMS 0x00000000a2300000, 0x00000000a2200000| Complete 
|  35|0x00000000a2300000, 0x00000000a2400000, 0x00000000a2400000|100%|HC|  |TAMS 0x00000000a2400000, 0x00000000a2300000| Complete 
|  36|0x00000000a2400000, 0x00000000a2500000, 0x00000000a2500000|100%| O|  |TAMS 0x00000000a2500000, 0x00000000a2400000| Untracked 
|  37|0x00000000a2500000, 0x00000000a2600000, 0x00000000a2600000|100%| O|  |TAMS 0x00000000a2600000, 0x00000000a2500000| Untracked 
|  38|0x00000000a2600000, 0x00000000a2700000, 0x00000000a2700000|100%| O|  |TAMS 0x00000000a2700000, 0x00000000a2600000| Untracked 
|  39|0x00000000a2700000, 0x00000000a2800000, 0x00000000a2800000|100%| O|  |TAMS 0x00000000a2800000, 0x00000000a2700000| Untracked 
|  40|0x00000000a2800000, 0x00000000a2900000, 0x00000000a2900000|100%| O|  |TAMS 0x00000000a2900000, 0x00000000a2800000| Untracked 
|  41|0x00000000a2900000, 0x00000000a2a00000, 0x00000000a2a00000|100%| O|  |TAMS 0x00000000a2a00000, 0x00000000a2900000| Untracked 
|  42|0x00000000a2a00000, 0x00000000a2b00000, 0x00000000a2b00000|100%| O|  |TAMS 0x00000000a2b00000, 0x00000000a2a00000| Untracked 
|  43|0x00000000a2b00000, 0x00000000a2c00000, 0x00000000a2c00000|100%| O|  |TAMS 0x00000000a2c00000, 0x00000000a2b00000| Untracked 
|  44|0x00000000a2c00000, 0x00000000a2d00000, 0x00000000a2d00000|100%| O|  |TAMS 0x00000000a2d00000, 0x00000000a2c00000| Untracked 
|  45|0x00000000a2d00000, 0x00000000a2e00000, 0x00000000a2e00000|100%| O|  |TAMS 0x00000000a2e00000, 0x00000000a2d00000| Untracked 
|  46|0x00000000a2e00000, 0x00000000a2f00000, 0x00000000a2f00000|100%| O|  |TAMS 0x00000000a2f00000, 0x00000000a2e00000| Untracked 
|  47|0x00000000a2f00000, 0x00000000a3000000, 0x00000000a3000000|100%| O|  |TAMS 0x00000000a3000000, 0x00000000a2f00000| Untracked 
|  48|0x00000000a3000000, 0x00000000a3100000, 0x00000000a3100000|100%| O|  |TAMS 0x00000000a3100000, 0x00000000a3000000| Untracked 
|  49|0x00000000a3100000, 0x00000000a3200000, 0x00000000a3200000|100%| O|  |TAMS 0x00000000a3200000, 0x00000000a3100000| Untracked 
|  50|0x00000000a3200000, 0x00000000a3300000, 0x00000000a3300000|100%| O|  |TAMS 0x00000000a3300000, 0x00000000a3200000| Untracked 
|  51|0x00000000a3300000, 0x00000000a3400000, 0x00000000a3400000|100%| O|  |TAMS 0x00000000a3400000, 0x00000000a3300000| Untracked 
|  52|0x00000000a3400000, 0x00000000a3500000, 0x00000000a3500000|100%| O|  |TAMS 0x00000000a3500000, 0x00000000a3400000| Untracked 
|  53|0x00000000a3500000, 0x00000000a3600000, 0x00000000a3600000|100%| O|  |TAMS 0x00000000a3600000, 0x00000000a3500000| Untracked 
|  54|0x00000000a3600000, 0x00000000a3700000, 0x00000000a3700000|100%| O|  |TAMS 0x00000000a3700000, 0x00000000a3600000| Untracked 
|  55|0x00000000a3700000, 0x00000000a3800000, 0x00000000a3800000|100%| O|  |TAMS 0x00000000a3800000, 0x00000000a3700000| Untracked 
|  56|0x00000000a3800000, 0x00000000a3900000, 0x00000000a3900000|100%| O|  |TAMS 0x00000000a3900000, 0x00000000a3800000| Untracked 
|  57|0x00000000a3900000, 0x00000000a3a00000, 0x00000000a3a00000|100%| O|  |TAMS 0x00000000a3a00000, 0x00000000a3900000| Untracked 
|  58|0x00000000a3a00000, 0x00000000a3b00000, 0x00000000a3b00000|100%| O|  |TAMS 0x00000000a3b00000, 0x00000000a3a00000| Untracked 
|  59|0x00000000a3b00000, 0x00000000a3c00000, 0x00000000a3c00000|100%| O|  |TAMS 0x00000000a3c00000, 0x00000000a3b00000| Untracked 
|  60|0x00000000a3c00000, 0x00000000a3d00000, 0x00000000a3d00000|100%| O|  |TAMS 0x00000000a3d00000, 0x00000000a3c00000| Untracked 
|  61|0x00000000a3d00000, 0x00000000a3e00000, 0x00000000a3e00000|100%| O|  |TAMS 0x00000000a3e00000, 0x00000000a3d00000| Untracked 
|  62|0x00000000a3e00000, 0x00000000a3f00000, 0x00000000a3f00000|100%| O|  |TAMS 0x00000000a3f00000, 0x00000000a3e00000| Untracked 
|  63|0x00000000a3f00000, 0x00000000a4000000, 0x00000000a4000000|100%| O|  |TAMS 0x00000000a4000000, 0x00000000a3f00000| Untracked 
|  64|0x00000000a4000000, 0x00000000a4100000, 0x00000000a4100000|100%| O|  |TAMS 0x00000000a4100000, 0x00000000a4000000| Untracked 
|  65|0x00000000a4100000, 0x00000000a4200000, 0x00000000a4200000|100%| O|  |TAMS 0x00000000a4200000, 0x00000000a4100000| Untracked 
|  66|0x00000000a4200000, 0x00000000a4300000, 0x00000000a4300000|100%| O|  |TAMS 0x00000000a4300000, 0x00000000a4200000| Untracked 
|  67|0x00000000a4300000, 0x00000000a4400000, 0x00000000a4400000|100%| O|  |TAMS 0x00000000a4400000, 0x00000000a4300000| Untracked 
|  68|0x00000000a4400000, 0x00000000a4500000, 0x00000000a4500000|100%| O|  |TAMS 0x00000000a4500000, 0x00000000a4400000| Untracked 
|  69|0x00000000a4500000, 0x00000000a4600000, 0x00000000a4600000|100%| O|  |TAMS 0x00000000a4600000, 0x00000000a4500000| Untracked 
|  70|0x00000000a4600000, 0x00000000a4700000, 0x00000000a4700000|100%| O|  |TAMS 0x00000000a4700000, 0x00000000a4600000| Untracked 
|  71|0x00000000a4700000, 0x00000000a4800000, 0x00000000a4800000|100%| O|  |TAMS 0x00000000a4800000, 0x00000000a4700000| Untracked 
|  72|0x00000000a4800000, 0x00000000a4900000, 0x00000000a4900000|100%| O|  |TAMS 0x00000000a4900000, 0x00000000a4800000| Untracked 
|  73|0x00000000a4900000, 0x00000000a4a00000, 0x00000000a4a00000|100%| O|  |TAMS 0x00000000a4a00000, 0x00000000a4900000| Untracked 
|  74|0x00000000a4a00000, 0x00000000a4b00000, 0x00000000a4b00000|100%| O|  |TAMS 0x00000000a4b00000, 0x00000000a4a00000| Untracked 
|  75|0x00000000a4b00000, 0x00000000a4c00000, 0x00000000a4c00000|100%| O|  |TAMS 0x00000000a4c00000, 0x00000000a4b00000| Untracked 
|  76|0x00000000a4c00000, 0x00000000a4d00000, 0x00000000a4d00000|100%| O|  |TAMS 0x00000000a4d00000, 0x00000000a4c00000| Untracked 
|  77|0x00000000a4d00000, 0x00000000a4e00000, 0x00000000a4e00000|100%| O|  |TAMS 0x00000000a4e00000, 0x00000000a4d00000| Untracked 
|  78|0x00000000a4e00000, 0x00000000a4f00000, 0x00000000a4f00000|100%| O|  |TAMS 0x00000000a4f00000, 0x00000000a4e00000| Untracked 
|  79|0x00000000a4f00000, 0x00000000a5000000, 0x00000000a5000000|100%| O|  |TAMS 0x00000000a5000000, 0x00000000a4f00000| Untracked 
|  80|0x00000000a5000000, 0x00000000a5100000, 0x00000000a5100000|100%| O|  |TAMS 0x00000000a5100000, 0x00000000a5000000| Untracked 
|  81|0x00000000a5100000, 0x00000000a5200000, 0x00000000a5200000|100%| O|  |TAMS 0x00000000a5200000, 0x00000000a5100000| Untracked 
|  82|0x00000000a5200000, 0x00000000a5300000, 0x00000000a5300000|100%| O|  |TAMS 0x00000000a5300000, 0x00000000a5200000| Untracked 
|  83|0x00000000a5300000, 0x00000000a5400000, 0x00000000a5400000|100%| O|  |TAMS 0x00000000a5400000, 0x00000000a5300000| Untracked 
|  84|0x00000000a5400000, 0x00000000a5500000, 0x00000000a5500000|100%| O|  |TAMS 0x00000000a5500000, 0x00000000a5400000| Untracked 
|  85|0x00000000a5500000, 0x00000000a5600000, 0x00000000a5600000|100%|HS|  |TAMS 0x00000000a5600000, 0x00000000a5500000| Complete 
|  86|0x00000000a5600000, 0x00000000a5700000, 0x00000000a5700000|100%|HC|  |TAMS 0x00000000a5700000, 0x00000000a5600000| Complete 
|  87|0x00000000a5700000, 0x00000000a5800000, 0x00000000a5800000|100%| O|  |TAMS 0x00000000a5800000, 0x00000000a5700000| Untracked 
|  88|0x00000000a5800000, 0x00000000a5900000, 0x00000000a5900000|100%| O|  |TAMS 0x00000000a5900000, 0x00000000a5800000| Untracked 
|  89|0x00000000a5900000, 0x00000000a5a00000, 0x00000000a5a00000|100%| O|  |TAMS 0x00000000a5a00000, 0x00000000a5900000| Untracked 
|  90|0x00000000a5a00000, 0x00000000a5b00000, 0x00000000a5b00000|100%| O|  |TAMS 0x00000000a5b00000, 0x00000000a5a00000| Untracked 
|  91|0x00000000a5b00000, 0x00000000a5c00000, 0x00000000a5c00000|100%|HS|  |TAMS 0x00000000a5c00000, 0x00000000a5b00000| Complete 
|  92|0x00000000a5c00000, 0x00000000a5d00000, 0x00000000a5d00000|100%|HC|  |TAMS 0x00000000a5d00000, 0x00000000a5c00000| Complete 
|  93|0x00000000a5d00000, 0x00000000a5e00000, 0x00000000a5e00000|100%|HC|  |TAMS 0x00000000a5e00000, 0x00000000a5d00000| Complete 
|  94|0x00000000a5e00000, 0x00000000a5f00000, 0x00000000a5f00000|100%| O|  |TAMS 0x00000000a5f00000, 0x00000000a5e00000| Untracked 
|  95|0x00000000a5f00000, 0x00000000a6000000, 0x00000000a6000000|100%| O|  |TAMS 0x00000000a5ff0e00, 0x00000000a5f00000| Untracked 
|  96|0x00000000a6000000, 0x00000000a6100000, 0x00000000a6100000|100%|HS|  |TAMS 0x00000000a6000000, 0x00000000a6000000| Complete 
|  97|0x00000000a6100000, 0x00000000a6200000, 0x00000000a6200000|100%|HC|  |TAMS 0x00000000a6100000, 0x00000000a6100000| Complete 
|  98|0x00000000a6200000, 0x00000000a6300000, 0x00000000a6300000|100%| O|  |TAMS 0x00000000a6200000, 0x00000000a6200000| Untracked 
|  99|0x00000000a6300000, 0x00000000a63ab200, 0x00000000a6400000| 66%| O|  |TAMS 0x00000000a6300000, 0x00000000a6300000| Untracked 
| 100|0x00000000a6400000, 0x00000000a6400000, 0x00000000a6500000|  0%| F|  |TAMS 0x00000000a6400000, 0x00000000a6400000| Untracked 
| 101|0x00000000a6500000, 0x00000000a6500000, 0x00000000a6600000|  0%| F|  |TAMS 0x00000000a6500000, 0x00000000a6500000| Untracked 
| 102|0x00000000a6600000, 0x00000000a6700000, 0x00000000a6700000|100%| O|  |TAMS 0x00000000a6700000, 0x00000000a6600000| Untracked 
| 103|0x00000000a6700000, 0x00000000a6800000, 0x00000000a6800000|100%| O|  |TAMS 0x00000000a6800000, 0x00000000a6700000| Untracked 
| 104|0x00000000a6800000, 0x00000000a6800000, 0x00000000a6900000|  0%| F|  |TAMS 0x00000000a6800000, 0x00000000a6800000| Untracked 
| 105|0x00000000a6900000, 0x00000000a6900000, 0x00000000a6a00000|  0%| F|  |TAMS 0x00000000a6900000, 0x00000000a6900000| Untracked 
| 106|0x00000000a6a00000, 0x00000000a6a00000, 0x00000000a6b00000|  0%| F|  |TAMS 0x00000000a6a00000, 0x00000000a6a00000| Untracked 
| 107|0x00000000a6b00000, 0x00000000a6b00000, 0x00000000a6c00000|  0%| F|  |TAMS 0x00000000a6b00000, 0x00000000a6b00000| Untracked 
| 108|0x00000000a6c00000, 0x00000000a6c00000, 0x00000000a6d00000|  0%| F|  |TAMS 0x00000000a6c00000, 0x00000000a6c00000| Untracked 
| 109|0x00000000a6d00000, 0x00000000a6d00000, 0x00000000a6e00000|  0%| F|  |TAMS 0x00000000a6d00000, 0x00000000a6d00000| Untracked 
| 110|0x00000000a6e00000, 0x00000000a6e00000, 0x00000000a6f00000|  0%| F|  |TAMS 0x00000000a6e00000, 0x00000000a6e00000| Untracked 
| 111|0x00000000a6f00000, 0x00000000a6f00000, 0x00000000a7000000|  0%| F|  |TAMS 0x00000000a6f00000, 0x00000000a6f00000| Untracked 
| 112|0x00000000a7000000, 0x00000000a7000000, 0x00000000a7100000|  0%| F|  |TAMS 0x00000000a7000000, 0x00000000a7000000| Untracked 
| 113|0x00000000a7100000, 0x00000000a7100000, 0x00000000a7200000|  0%| F|  |TAMS 0x00000000a7100000, 0x00000000a7100000| Untracked 
| 114|0x00000000a7200000, 0x00000000a7200000, 0x00000000a7300000|  0%| F|  |TAMS 0x00000000a7200000, 0x00000000a7200000| Untracked 
| 115|0x00000000a7300000, 0x00000000a7300000, 0x00000000a7400000|  0%| F|  |TAMS 0x00000000a7300000, 0x00000000a7300000| Untracked 
| 116|0x00000000a7400000, 0x00000000a7400000, 0x00000000a7500000|  0%| F|  |TAMS 0x00000000a7400000, 0x00000000a7400000| Untracked 
| 117|0x00000000a7500000, 0x00000000a7500000, 0x00000000a7600000|  0%| F|  |TAMS 0x00000000a7500000, 0x00000000a7500000| Untracked 
| 118|0x00000000a7600000, 0x00000000a7600000, 0x00000000a7700000|  0%| F|  |TAMS 0x00000000a7600000, 0x00000000a7600000| Untracked 
| 119|0x00000000a7700000, 0x00000000a7800000, 0x00000000a7800000|100%| S|CS|TAMS 0x00000000a7700000, 0x00000000a7700000| Complete 
| 120|0x00000000a7800000, 0x00000000a7800000, 0x00000000a7900000|  0%| F|  |TAMS 0x00000000a7800000, 0x00000000a7800000| Untracked 
| 121|0x00000000a7900000, 0x00000000a7900000, 0x00000000a7a00000|  0%| F|  |TAMS 0x00000000a7900000, 0x00000000a7900000| Untracked 
| 122|0x00000000a7a00000, 0x00000000a7a00000, 0x00000000a7b00000|  0%| F|  |TAMS 0x00000000a7a00000, 0x00000000a7a00000| Untracked 
| 123|0x00000000a7b00000, 0x00000000a7b00000, 0x00000000a7c00000|  0%| F|  |TAMS 0x00000000a7b00000, 0x00000000a7b00000| Untracked 
| 124|0x00000000a7c00000, 0x00000000a7c00000, 0x00000000a7d00000|  0%| F|  |TAMS 0x00000000a7c00000, 0x00000000a7c00000| Untracked 
| 125|0x00000000a7d00000, 0x00000000a7d00000, 0x00000000a7e00000|  0%| F|  |TAMS 0x00000000a7d00000, 0x00000000a7d00000| Untracked 
| 126|0x00000000a7e00000, 0x00000000a7e33368, 0x00000000a7f00000| 20%| E|  |TAMS 0x00000000a7e00000, 0x00000000a7e00000| Complete 
| 127|0x00000000a7f00000, 0x00000000a8000000, 0x00000000a8000000|100%| E|CS|TAMS 0x00000000a7f00000, 0x00000000a7f00000| Complete 

Card table byte_map: [0x0000021b99b00000,0x0000021b99e00000] _byte_map_base: 0x0000021b99600000

Marking Bits (Prev, Next): (CMBitMap*) 0x0000021b86713410, (CMBitMap*) 0x0000021b867133d8
 Prev Bits: [0x0000021b9b900000, 0x0000021b9d100000)
 Next Bits: [0x0000021b9a100000, 0x0000021b9b900000)

Polling page: 0x0000021b84ea0000

Metaspace:

Usage:
  Non-class:     70.12 MB capacity,    69.00 MB ( 98%) used,   980.74 KB (  1%) free+waste,   161.56 KB ( <1%) overhead. 
      Class:     10.64 MB capacity,    10.08 MB ( 95%) used,   502.48 KB (  5%) free+waste,    72.94 KB ( <1%) overhead. 
       Both:     80.76 MB capacity,    79.08 MB ( 98%) used,     1.45 MB (  2%) free+waste,   234.50 KB ( <1%) overhead. 

Virtual space:
  Non-class space:       72.00 MB reserved,      70.25 MB ( 98%) committed 
      Class space:        1.00 GB reserved,      10.75 MB (  1%) committed 
             Both:        1.07 GB reserved,      81.00 MB (  7%) committed 

Chunk freelists:
   Non-Class:  7.00 KB
       Class:  14.00 KB
        Both:  21.00 KB

MaxMetaspaceSize: 17179869184.00 GB
CompressedClassSpaceSize: 1.00 GB

CodeHeap 'non-profiled nmethods': size=120064Kb used=6170Kb max_used=6170Kb free=113893Kb
 bounds [0x0000021b91c90000, 0x0000021b922a0000, 0x0000021b991d0000]
CodeHeap 'profiled nmethods': size=120000Kb used=20982Kb max_used=20982Kb free=99017Kb
 bounds [0x0000021b8a760000, 0x0000021b8bbe0000, 0x0000021b91c90000]
CodeHeap 'non-nmethods': size=5696Kb used=2270Kb max_used=2311Kb free=3426Kb
 bounds [0x0000021b8a1d0000, 0x0000021b8a440000, 0x0000021b8a760000]
 total_blobs=10448 nmethods=9581 adapters=778
 compilation: enabled
              stopped_count=0, restarted_count=0
 full_count=0

Compilation events (20 events):
Event: 134.483 Thread 0x0000021b9f748000 9550       4       jdk.nio.zipfs.ZipFileAttributeView::get (46 bytes)
Event: 134.485 Thread 0x0000021b9f748000 nmethod 9550 0x0000021b92295910 code [0x0000021b92295ac0, 0x0000021b92295c58]
Event: 134.485 Thread 0x0000021b9f748000 9559       4       jdk.nio.zipfs.ZipFileSystemProvider::getFileAttributeView (9 bytes)
Event: 134.486 Thread 0x0000021b9f748000 nmethod 9559 0x0000021b92295d90 code [0x0000021b92295f40, 0x0000021b92296118]
Event: 134.878 Thread 0x0000021b9ffa3800 9569       3       java.nio.channels.spi.AbstractInterruptibleChannel::blockedOn (10 bytes)
Event: 134.879 Thread 0x0000021b9ffa3800 nmethod 9569 0x0000021b8bbcb610 code [0x0000021b8bbcb7e0, 0x0000021b8bbcbc58]
Event: 134.879 Thread 0x0000021b9ffa3800 9570       3       java.lang.System$2::blockedOn (5 bytes)
Event: 134.879 Thread 0x0000021b9ffa3800 nmethod 9570 0x0000021b8bbcbe10 code [0x0000021b8bbcbfe0, 0x0000021b8bbcc358]
Event: 135.077 Thread 0x0000021b9ffa3800 9571       3       jdk.nio.zipfs.ZipConstants::pkSigAt (60 bytes)
Event: 135.078 Thread 0x0000021b9ffa3800 nmethod 9571 0x0000021b8bbcc490 code [0x0000021b8bbcc660, 0x0000021b8bbcc938]
Event: 135.992 Thread 0x0000021b9f748000 9572       4       jdk.internal.util.ArraysSupport::mismatch (73 bytes)
Event: 135.997 Thread 0x0000021b9ffa3800 9573       3       jdk.nio.zipfs.ZipPath::relativize (314 bytes)
Event: 135.999 Thread 0x0000021b9f748000 nmethod 9572 0x0000021b92296290 code [0x0000021b92296420, 0x0000021b922965f8]
Event: 136.001 Thread 0x0000021b9ffa3800 nmethod 9573 0x0000021b8bbcca90 code [0x0000021b8bbccde0, 0x0000021b8bbce398]
Event: 136.001 Thread 0x0000021b9ffa3800 9574       3       jdk.nio.zipfs.ZipPath::equals (42 bytes)
Event: 136.002 Thread 0x0000021b9ffa3800 nmethod 9574 0x0000021b8bbcec90 code [0x0000021b8bbcee80, 0x0000021b8bbcf3a8]
Event: 136.146 Thread 0x0000021b9ffa3800 9575       3       java.nio.channels.spi.AbstractInterruptibleChannel::begin (48 bytes)
Event: 136.147 Thread 0x0000021b9ffa3800 nmethod 9575 0x0000021b8bbcf490 code [0x0000021b8bbcf6c0, 0x0000021b8bbcfff8]
Event: 136.147 Thread 0x0000021b9ffa3800 9576       3       java.nio.channels.spi.AbstractInterruptibleChannel::end (53 bytes)
Event: 136.148 Thread 0x0000021b9ffa3800 nmethod 9576 0x0000021b8bbd0310 code [0x0000021b8bbd0540, 0x0000021b8bbd0c98]

GC Heap History (20 events):
Event: 98.631 GC heap before
{Heap before GC invocations=22 (full 0):
 garbage-first heap   total 131072K, used 106438K [0x00000000a0000000, 0x0000000100000000)
  region size 1024K, 37 young (37888K), 5 survivors (5120K)
 Metaspace       used 73587K, capacity 75131K, committed 75264K, reserved 1114112K
  class space    used 9434K, capacity 9951K, committed 9984K, reserved 1048576K
}
Event: 98.652 GC heap after
{Heap after GC invocations=23 (full 0):
 garbage-first heap   total 131072K, used 77596K [0x00000000a0000000, 0x0000000100000000)
  region size 1024K, 3 young (3072K), 3 survivors (3072K)
 Metaspace       used 73587K, capacity 75131K, committed 75264K, reserved 1114112K
  class space    used 9434K, capacity 9951K, committed 9984K, reserved 1048576K
}
Event: 117.983 GC heap before
{Heap before GC invocations=24 (full 0):
 garbage-first heap   total 131072K, used 108316K [0x00000000a0000000, 0x0000000100000000)
  region size 1024K, 34 young (34816K), 3 survivors (3072K)
 Metaspace       used 75461K, capacity 77100K, committed 77312K, reserved 1116160K
  class space    used 9674K, capacity 10222K, committed 10240K, reserved 1048576K
}
Event: 117.991 GC heap after
{Heap after GC invocations=25 (full 0):
 garbage-first heap   total 131072K, used 82780K [0x00000000a0000000, 0x0000000100000000)
  region size 1024K, 5 young (5120K), 5 survivors (5120K)
 Metaspace       used 75461K, capacity 77100K, committed 77312K, reserved 1116160K
  class space    used 9674K, capacity 10222K, committed 10240K, reserved 1048576K
}
Event: 126.365 GC heap before
{Heap before GC invocations=25 (full 0):
 garbage-first heap   total 131072K, used 107356K [0x00000000a0000000, 0x0000000100000000)
  region size 1024K, 30 young (30720K), 5 survivors (5120K)
 Metaspace       used 80521K, capacity 82200K, committed 82304K, reserved 1120256K
  class space    used 10290K, capacity 10860K, committed 10880K, reserved 1048576K
}
Event: 126.407 GC heap after
{Heap after GC invocations=26 (full 0):
 garbage-first heap   total 131072K, used 85799K [0x00000000a0000000, 0x0000000100000000)
  region size 1024K, 3 young (3072K), 3 survivors (3072K)
 Metaspace       used 80521K, capacity 82200K, committed 82304K, reserved 1120256K
  class space    used 10290K, capacity 10860K, committed 10880K, reserved 1048576K
}
Event: 132.621 GC heap before
{Heap before GC invocations=27 (full 0):
 garbage-first heap   total 131072K, used 101159K [0x00000000a0000000, 0x0000000100000000)
  region size 1024K, 20 young (20480K), 3 survivors (3072K)
 Metaspace       used 80596K, capacity 82265K, committed 82304K, reserved 1120256K
  class space    used 10290K, capacity 10860K, committed 10880K, reserved 1048576K
}
Event: 132.639 GC heap after
{Heap after GC invocations=28 (full 0):
 garbage-first heap   total 131072K, used 90473K [0x00000000a0000000, 0x0000000100000000)
  region size 1024K, 4 young (4096K), 4 survivors (4096K)
 Metaspace       used 80596K, capacity 82265K, committed 82304K, reserved 1120256K
  class space    used 10290K, capacity 10860K, committed 10880K, reserved 1048576K
}
Event: 132.926 GC heap before
{Heap before GC invocations=29 (full 0):
 garbage-first heap   total 131072K, used 92521K [0x00000000a0000000, 0x0000000100000000)
  region size 1024K, 5 young (5120K), 4 survivors (4096K)
 Metaspace       used 80596K, capacity 82265K, committed 82304K, reserved 1120256K
  class space    used 10290K, capacity 10860K, committed 10880K, reserved 1048576K
}
Event: 132.938 GC heap after
{Heap after GC invocations=30 (full 0):
 garbage-first heap   total 131072K, used 93171K [0x00000000a0000000, 0x0000000100000000)
  region size 1024K, 1 young (1024K), 1 survivors (1024K)
 Metaspace       used 80596K, capacity 82265K, committed 82304K, reserved 1120256K
  class space    used 10290K, capacity 10860K, committed 10880K, reserved 1048576K
}
Event: 133.168 GC heap before
{Heap before GC invocations=30 (full 0):
 garbage-first heap   total 131072K, used 105459K [0x00000000a0000000, 0x0000000100000000)
  region size 1024K, 11 young (11264K), 1 survivors (1024K)
 Metaspace       used 80610K, capacity 82329K, committed 82560K, reserved 1120256K
  class space    used 10290K, capacity 10860K, committed 10880K, reserved 1048576K
}
Event: 133.171 GC heap after
{Heap after GC invocations=31 (full 0):
 garbage-first heap   total 131072K, used 97669K [0x00000000a0000000, 0x0000000100000000)
  region size 1024K, 2 young (2048K), 2 survivors (2048K)
 Metaspace       used 80610K, capacity 82329K, committed 82560K, reserved 1120256K
  class space    used 10290K, capacity 10860K, committed 10880K, reserved 1048576K
}
Event: 133.555 GC heap before
{Heap before GC invocations=32 (full 0):
 garbage-first heap   total 131072K, used 114053K [0x00000000a0000000, 0x0000000100000000)
  region size 1024K, 11 young (11264K), 2 survivors (2048K)
 Metaspace       used 80611K, capacity 82329K, committed 82560K, reserved 1120256K
  class space    used 10290K, capacity 10860K, committed 10880K, reserved 1048576K
}
Event: 133.558 GC heap after
{Heap after GC invocations=33 (full 0):
 garbage-first heap   total 131072K, used 99953K [0x00000000a0000000, 0x0000000100000000)
  region size 1024K, 2 young (2048K), 2 survivors (2048K)
 Metaspace       used 80611K, capacity 82329K, committed 82560K, reserved 1120256K
  class space    used 10290K, capacity 10860K, committed 10880K, reserved 1048576K
}
Event: 133.559 GC heap before
{Heap before GC invocations=33 (full 0):
 garbage-first heap   total 131072K, used 99953K [0x00000000a0000000, 0x0000000100000000)
  region size 1024K, 3 young (3072K), 2 survivors (2048K)
 Metaspace       used 80611K, capacity 82329K, committed 82560K, reserved 1120256K
  class space    used 10290K, capacity 10860K, committed 10880K, reserved 1048576K
}
Event: 133.562 GC heap after
{Heap after GC invocations=34 (full 0):
 garbage-first heap   total 131072K, used 100791K [0x00000000a0000000, 0x0000000100000000)
  region size 1024K, 1 young (1024K), 1 survivors (1024K)
 Metaspace       used 80611K, capacity 82329K, committed 82560K, reserved 1120256K
  class space    used 10290K, capacity 10860K, committed 10880K, reserved 1048576K
}
Event: 133.923 GC heap before
{Heap before GC invocations=35 (full 0):
 garbage-first heap   total 131072K, used 102839K [0x00000000a0000000, 0x0000000100000000)
  region size 1024K, 4 young (4096K), 1 survivors (1024K)
 Metaspace       used 80812K, capacity 82533K, committed 82560K, reserved 1120256K
  class space    used 10313K, capacity 10864K, committed 10880K, reserved 1048576K
}
Event: 133.926 GC heap after
{Heap after GC invocations=36 (full 0):
 garbage-first heap   total 131072K, used 101007K [0x00000000a0000000, 0x0000000100000000)
  region size 1024K, 1 young (1024K), 1 survivors (1024K)
 Metaspace       used 80812K, capacity 82533K, committed 82560K, reserved 1120256K
  class space    used 10313K, capacity 10864K, committed 10880K, reserved 1048576K
}
Event: 134.365 GC heap before
{Heap before GC invocations=37 (full 0):
 garbage-first heap   total 131072K, used 109199K [0x00000000a0000000, 0x0000000100000000)
  region size 1024K, 8 young (8192K), 1 survivors (1024K)
 Metaspace       used 80968K, capacity 82699K, committed 82944K, reserved 1122304K
  class space    used 10322K, capacity 10898K, committed 11008K, reserved 1048576K
}
Event: 134.367 GC heap after
{Heap after GC invocations=38 (full 0):
 garbage-first heap   total 131072K, used 105132K [0x00000000a0000000, 0x0000000100000000)
  region size 1024K, 1 young (1024K), 1 survivors (1024K)
 Metaspace       used 80968K, capacity 82699K, committed 82944K, reserved 1122304K
  class space    used 10322K, capacity 10898K, committed 11008K, reserved 1048576K
}

Deoptimization events (20 events):
Event: 134.091 Thread 0x0000021ba46b1800 Uncommon trap: trap_request=0xffffff4d fr.pc=0x0000021b9227d9ec relative=0x00000000000005ac
Event: 134.091 Thread 0x0000021ba46b1800 Uncommon trap: reason=unstable_if action=reinterpret pc=0x0000021b9227d9ec method=jdk.nio.zipfs.ZipPath.getFileName()Ljdk/nio/zipfs/ZipPath; @ 12 c2
Event: 134.091 Thread 0x0000021ba46b1800 DEOPT PACKING pc=0x0000021b9227d9ec sp=0x000000bc934f9800
Event: 134.091 Thread 0x0000021ba46b1800 DEOPT UNPACKING pc=0x0000021b8a1f78af sp=0x000000bc934f97b0 mode 2
Event: 134.095 Thread 0x0000021ba46b1800 Uncommon trap: trap_request=0xffffff6e fr.pc=0x0000021b91d5fd10 relative=0x0000000000001270
Event: 134.095 Thread 0x0000021ba46b1800 Uncommon trap: reason=speculate_class_check action=maybe_recompile pc=0x0000021b91d5fd10 method=java.util.zip.InflaterInputStream.read([BII)I @ 100 c2
Event: 134.095 Thread 0x0000021ba46b1800 DEOPT PACKING pc=0x0000021b91d5fd10 sp=0x000000bc934f9370
Event: 134.095 Thread 0x0000021ba46b1800 DEOPT UNPACKING pc=0x0000021b8a1f78af sp=0x000000bc934f93b0 mode 2
Event: 134.372 Thread 0x0000021ba46b1800 Uncommon trap: trap_request=0xffffffde fr.pc=0x0000021b92283974 relative=0x0000000000003a74
Event: 134.372 Thread 0x0000021ba46b1800 Uncommon trap: reason=class_check action=maybe_recompile pc=0x0000021b92283974 method=java.nio.file.FileTreeWalker.next()Ljava/nio/file/FileTreeWalker$Event; @ 76 c2
Event: 134.372 Thread 0x0000021ba46b1800 DEOPT PACKING pc=0x0000021b92283974 sp=0x000000bc934f9850
Event: 134.372 Thread 0x0000021ba46b1800 DEOPT UNPACKING pc=0x0000021b8a1f78af sp=0x000000bc934f98a8 mode 2
Event: 135.022 Thread 0x0000021ba46b1800 Uncommon trap: trap_request=0xffffffde fr.pc=0x0000021b92283974 relative=0x0000000000003a74
Event: 135.022 Thread 0x0000021ba46b1800 Uncommon trap: reason=class_check action=maybe_recompile pc=0x0000021b92283974 method=java.nio.file.FileTreeWalker.next()Ljava/nio/file/FileTreeWalker$Event; @ 76 c2
Event: 135.022 Thread 0x0000021ba46b1800 DEOPT PACKING pc=0x0000021b92283974 sp=0x000000bc934f9850
Event: 135.022 Thread 0x0000021ba46b1800 DEOPT UNPACKING pc=0x0000021b8a1f78af sp=0x000000bc934f98a8 mode 2
Event: 135.997 Thread 0x0000021ba46b1800 Uncommon trap: trap_request=0xffffffde fr.pc=0x0000021b92283974 relative=0x0000000000003a74
Event: 135.997 Thread 0x0000021ba46b1800 Uncommon trap: reason=class_check action=maybe_recompile pc=0x0000021b92283974 method=java.nio.file.FileTreeWalker.next()Ljava/nio/file/FileTreeWalker$Event; @ 76 c2
Event: 135.997 Thread 0x0000021ba46b1800 DEOPT PACKING pc=0x0000021b92283974 sp=0x000000bc934f9850
Event: 135.997 Thread 0x0000021ba46b1800 DEOPT UNPACKING pc=0x0000021b8a1f78af sp=0x000000bc934f98a8 mode 2

Classes redefined (0 events):
No events

Internal exceptions (20 events):
Event: 69.777 Thread 0x0000021ba1909800 Exception <a 'java/lang/NoSuchMethodError'{0x00000000a67817f0}: <clinit>> (0x00000000a67817f0) thrown at [./src/hotspot/share/prims/jni.cpp, line 1362]
Event: 69.778 Thread 0x0000021ba1909800 Exception <a 'java/lang/NoSuchMethodError'{0x00000000a67832e0}: <clinit>> (0x00000000a67832e0) thrown at [./src/hotspot/share/prims/jni.cpp, line 1362]
Event: 69.779 Thread 0x0000021ba1909800 Exception <a 'java/lang/NoSuchMethodError'{0x00000000a678eb98}: <clinit>> (0x00000000a678eb98) thrown at [./src/hotspot/share/prims/jni.cpp, line 1362]
Event: 69.782 Thread 0x0000021ba1909800 Exception <a 'java/lang/NoSuchMethodError'{0x00000000a67a1f10}: <clinit>> (0x00000000a67a1f10) thrown at [./src/hotspot/share/prims/jni.cpp, line 1362]
Event: 69.783 Thread 0x0000021ba1909800 Exception <a 'java/lang/NoSuchMethodError'{0x00000000a67ab6a0}: <clinit>> (0x00000000a67ab6a0) thrown at [./src/hotspot/share/prims/jni.cpp, line 1362]
Event: 70.092 Thread 0x0000021ba1909800 Exception <a 'java/lang/NoSuchMethodError'{0x00000000a667def0}: <clinit>> (0x00000000a667def0) thrown at [./src/hotspot/share/prims/jni.cpp, line 1362]
Event: 70.096 Thread 0x0000021ba1909800 Exception <a 'java/lang/NoSuchMethodError'{0x00000000a66ab4b8}: <clinit>> (0x00000000a66ab4b8) thrown at [./src/hotspot/share/prims/jni.cpp, line 1362]
Event: 70.096 Thread 0x0000021ba1909800 Exception <a 'java/lang/NoSuchMethodError'{0x00000000a66ac9d0}: <clinit>> (0x00000000a66ac9d0) thrown at [./src/hotspot/share/prims/jni.cpp, line 1362]
Event: 70.096 Thread 0x0000021ba1909800 Exception <a 'java/lang/NoSuchMethodError'{0x00000000a66ae3f8}: <clinit>> (0x00000000a66ae3f8) thrown at [./src/hotspot/share/prims/jni.cpp, line 1362]
Event: 70.880 Thread 0x0000021ba1909800 Exception <a 'java/lang/NoSuchMethodError'{0x00000000a65e6530}: <clinit>> (0x00000000a65e6530) thrown at [./src/hotspot/share/prims/jni.cpp, line 1362]
Event: 85.273 Thread 0x0000021ba46b1800 Exception <a 'java/lang/NoSuchMethodError'{0x00000000a64040f0}: <clinit>> (0x00000000a64040f0) thrown at [./src/hotspot/share/prims/jni.cpp, line 1362]
Event: 123.529 Thread 0x0000021ba46b1800 Exception <a 'sun/nio/fs/WindowsException'{0x00000000a7cdfe20}> (0x00000000a7cdfe20) thrown at [./src/hotspot/share/prims/jni.cpp, line 615]
Event: 123.530 Thread 0x0000021ba46b1800 Exception <a 'java/lang/NoSuchMethodError'{0x00000000a7cebe40}: 'java.lang.Object java.lang.invoke.Invokers$Holder.linkToTargetMethod(java.lang.Object, java.lang.Object, java.lang.Object, int, int, java.lang.Object)'> (0x00000000a7cebe40) thrown at [./src/hotspot/share/interpreter/linkResolver.cpp, line 773]
Event: 123.818 Thread 0x0000021ba46b1800 Exception <a 'sun/nio/fs/WindowsException'{0x00000000a7b56088}> (0x00000000a7b56088) thrown at [./src/hotspot/share/prims/jni.cpp, line 615]
Event: 123.818 Thread 0x0000021ba46b1800 Exception <a 'sun/nio/fs/WindowsException'{0x00000000a7b561e0}> (0x00000000a7b561e0) thrown at [./src/hotspot/share/prims/jni.cpp, line 615]
Event: 123.820 Thread 0x0000021ba46b1800 Exception <a 'java/lang/NoSuchMethodError'{0x00000000a7b5e748}: 'int java.lang.invoke.DirectMethodHandle$Holder.invokeVirtual(java.lang.Object, java.lang.Object, java.lang.Object)'> (0x00000000a7b5e748) thrown at [./src/hotspot/share/interpreter/linkResolver.cpp, line 773]
Event: 124.397 Thread 0x0000021ba46b1800 Exception <a 'java/lang/NoSuchMethodError'{0x00000000a7560608}: 'int java.lang.invoke.DirectMethodHandle$Holder.invokeStaticInit(java.lang.Object, java.lang.Object)'> (0x00000000a7560608) thrown at [./src/hotspot/share/interpreter/linkResolver.cpp, line 773]
Event: 124.524 Thread 0x0000021ba46b1800 Exception <a 'java/lang/NoSuchMethodError'{0x00000000a6fb7a10}: 'java.lang.Object java.lang.invoke.Invokers$Holder.linkToTargetMethod(java.lang.Object, java.lang.Object, java.lang.Object, java.lang.Object, java.lang.Object, java.lang.Object)'> (0x00000000a6fb7a10) thrown at [./src/hotspot/share/interpreter/linkResolver.cpp, line 773]
Event: 133.894 Thread 0x0000021ba46b1800 Exception <a 'sun/nio/fs/WindowsException'{0x00000000a7c7e5e8}> (0x00000000a7c7e5e8) thrown at [./src/hotspot/share/prims/jni.cpp, line 615]
Event: 133.894 Thread 0x0000021ba46b1800 Exception <a 'sun/nio/fs/WindowsException'{0x00000000a7c7e6f0}> (0x00000000a7c7e6f0) thrown at [./src/hotspot/share/prims/jni.cpp, line 615]

Events (20 events):
Event: 133.948 loading class java/time/DateTimeException
Event: 133.948 loading class java/time/DateTimeException done
Event: 133.948 loading class java/util/regex/PatternSyntaxException
Event: 133.948 loading class java/util/regex/PatternSyntaxException done
Event: 134.018 loading class java/nio/file/SimpleFileVisitor
Event: 134.018 loading class java/nio/file/SimpleFileVisitor done
Event: 134.019 loading class java/nio/file/ClosedDirectoryStreamException
Event: 134.019 loading class java/nio/file/ClosedDirectoryStreamException done
Event: 134.019 loading class java/nio/file/DirectoryIteratorException
Event: 134.019 loading class java/nio/file/DirectoryIteratorException done
Event: 134.047 Executing VM operation: CGC_Operation
Event: 134.055 Executing VM operation: CGC_Operation done
Event: 134.084 loading class com/sun/tools/javac/code/Symbol$PackageSymbol
Event: 134.084 loading class com/sun/tools/javac/code/Symbol$PackageSymbol done
Event: 134.084 loading class com/sun/tools/javac/code/ClassFinder
Event: 134.084 loading class com/sun/tools/javac/code/ClassFinder done
Event: 134.129 Executing VM operation: CGC_Operation
Event: 134.129 Executing VM operation: CGC_Operation done
Event: 134.365 Executing VM operation: G1CollectForAllocation
Event: 134.368 Executing VM operation: G1CollectForAllocation done


Dynamic libraries:
0x00007ff65e240000 - 0x00007ff65e24a000 	C:\Program Files\Android\Android Studio\jre\bin\java.exe
0x00007ffa729f0000 - 0x00007ffa72be5000 	C:\WINDOWS\SYSTEM32\ntdll.dll
0x00007ffa70d80000 - 0x00007ffa70e3d000 	C:\WINDOWS\System32\KERNEL32.DLL
0x00007ffa70120000 - 0x00007ffa703e9000 	C:\WINDOWS\System32\KERNELBASE.dll
0x00007ffa70500000 - 0x00007ffa70600000 	C:\WINDOWS\System32\ucrtbase.dll
0x00007ffa4ff70000 - 0x00007ffa4ff89000 	C:\Program Files\Android\Android Studio\jre\bin\jli.dll
0x00007ffa4e750000 - 0x00007ffa4e767000 	C:\Program Files\Android\Android Studio\jre\bin\VCRUNTIME140.dll
0x00007ffa70e40000 - 0x00007ffa70fe0000 	C:\WINDOWS\System32\USER32.dll
0x00007ffa708e0000 - 0x00007ffa70902000 	C:\WINDOWS\System32\win32u.dll
0x00007ffa5d3d0000 - 0x00007ffa5d66a000 	C:\WINDOWS\WinSxS\amd64_microsoft.windows.common-controls_6595b64144ccf1df_6.0.19041.1110_none_60b5254171f9507e\COMCTL32.dll
0x00007ffa724b0000 - 0x00007ffa724da000 	C:\WINDOWS\System32\GDI32.dll
0x00007ffa703f0000 - 0x00007ffa704fb000 	C:\WINDOWS\System32\gdi32full.dll
0x00007ffa71a50000 - 0x00007ffa71aee000 	C:\WINDOWS\System32\msvcrt.dll
0x00007ffa707b0000 - 0x00007ffa7084d000 	C:\WINDOWS\System32\msvcp_win.dll
0x00007ffa72980000 - 0x00007ffa729b0000 	C:\WINDOWS\System32\IMM32.DLL
0x00007ffa3cdf0000 - 0x00007ffa3ce8d000 	C:\Program Files\Android\Android Studio\jre\bin\msvcp140.dll
0x00007ffa3bcb0000 - 0x00007ffa3c77f000 	C:\Program Files\Android\Android Studio\jre\bin\server\jvm.dll
0x00007ffa711a0000 - 0x00007ffa7124c000 	C:\WINDOWS\System32\ADVAPI32.dll
0x00007ffa70ce0000 - 0x00007ffa70d7b000 	C:\WINDOWS\System32\sechost.dll
0x00007ffa71920000 - 0x00007ffa71a4a000 	C:\WINDOWS\System32\RPCRT4.dll
0x00007ffa70a50000 - 0x00007ffa70a58000 	C:\WINDOWS\System32\PSAPI.DLL
0x00007ffa6cee0000 - 0x00007ffa6cee9000 	C:\WINDOWS\SYSTEM32\WSOCK32.dll
0x00007ffa62460000 - 0x00007ffa62487000 	C:\WINDOWS\SYSTEM32\WINMM.dll
0x00007ffa6dc60000 - 0x00007ffa6dc6a000 	C:\WINDOWS\SYSTEM32\VERSION.dll
0x00007ffa71c50000 - 0x00007ffa71cbb000 	C:\WINDOWS\System32\WS2_32.dll
0x00007ffa6e0c0000 - 0x00007ffa6e0d2000 	C:\WINDOWS\SYSTEM32\kernel.appcore.dll
0x00007ffa5a6a0000 - 0x00007ffa5a6b1000 	C:\Program Files\Android\Android Studio\jre\bin\verify.dll
0x00007ffa5a8c0000 - 0x00007ffa5aaa4000 	C:\WINDOWS\SYSTEM32\DBGHELP.DLL
0x00007ffa5a890000 - 0x00007ffa5a8bc000 	C:\WINDOWS\SYSTEM32\dbgcore.DLL
0x00007ffa70850000 - 0x00007ffa708d3000 	C:\WINDOWS\System32\bcryptPrimitives.dll
0x00007ffa56bd0000 - 0x00007ffa56bf9000 	C:\Program Files\Android\Android Studio\jre\bin\java.dll
0x00007ffa5caa0000 - 0x00007ffa5caab000 	C:\Program Files\Android\Android Studio\jre\bin\jimage.dll
0x00007ffa585f0000 - 0x00007ffa58608000 	C:\Program Files\Android\Android Studio\jre\bin\zip.dll
0x00007ffa71d70000 - 0x00007ffa724af000 	C:\WINDOWS\System32\SHELL32.dll
0x00007ffa6e230000 - 0x00007ffa6e9c0000 	C:\WINDOWS\SYSTEM32\windows.storage.dll
0x00007ffa724e0000 - 0x00007ffa72835000 	C:\WINDOWS\System32\combase.dll
0x00007ffa6fb80000 - 0x00007ffa6fbac000 	C:\WINDOWS\SYSTEM32\Wldp.dll
0x00007ffa71cc0000 - 0x00007ffa71d6e000 	C:\WINDOWS\System32\SHCORE.dll
0x00007ffa71250000 - 0x00007ffa712a5000 	C:\WINDOWS\System32\shlwapi.dll
0x00007ffa70060000 - 0x00007ffa7007f000 	C:\WINDOWS\SYSTEM32\profapi.dll
0x00007ffa56bb0000 - 0x00007ffa56bca000 	C:\Program Files\Android\Android Studio\jre\bin\net.dll
0x00007ffa61d80000 - 0x00007ffa61e88000 	C:\WINDOWS\SYSTEM32\WINHTTP.dll
0x00007ffa6f8e0000 - 0x00007ffa6f94a000 	C:\WINDOWS\system32\mswsock.dll
0x00007ffa56b50000 - 0x00007ffa56b64000 	C:\Program Files\Android\Android Studio\jre\bin\nio.dll
0x00007ffa51ed0000 - 0x00007ffa51ef6000 	C:\Users\User\.gradle\native\29\windows-amd64\native-platform.dll
0x00007ffa59100000 - 0x00007ffa5910a000 	C:\Program Files\Android\Android Studio\jre\bin\management.dll
0x00007ffa58eb0000 - 0x00007ffa58ebc000 	C:\Program Files\Android\Android Studio\jre\bin\management_ext.dll
0x00007ffa6fad0000 - 0x00007ffa6fae8000 	C:\WINDOWS\SYSTEM32\CRYPTSP.dll
0x00007ffa6f1f0000 - 0x00007ffa6f224000 	C:\WINDOWS\system32\rsaenh.dll
0x00007ffa70970000 - 0x00007ffa70997000 	C:\WINDOWS\System32\bcrypt.dll
0x00007ffa6ffe0000 - 0x00007ffa7000e000 	C:\WINDOWS\SYSTEM32\USERENV.dll
0x00007ffa6faf0000 - 0x00007ffa6fafc000 	C:\WINDOWS\SYSTEM32\CRYPTBASE.dll
0x00007ffa6f580000 - 0x00007ffa6f5bb000 	C:\WINDOWS\SYSTEM32\IPHLPAPI.DLL
0x00007ffa71190000 - 0x00007ffa71198000 	C:\WINDOWS\System32\NSI.dll
0x00007ffa63a20000 - 0x00007ffa63a37000 	C:\WINDOWS\SYSTEM32\dhcpcsvc6.DLL
0x00007ffa66780000 - 0x00007ffa6679d000 	C:\WINDOWS\SYSTEM32\dhcpcsvc.DLL
0x00007ffa6f5c0000 - 0x00007ffa6f68c000 	C:\WINDOWS\SYSTEM32\DNSAPI.dll

dbghelp: loaded successfully - version: 4.0.5 - missing functions: none
symbol engine: initialized successfully - sym options: 0x614 - pdb path: .;C:\Program Files\Android\Android Studio\jre\bin;C:\WINDOWS\SYSTEM32;C:\WINDOWS\WinSxS\amd64_microsoft.windows.common-controls_6595b64144ccf1df_6.0.19041.1110_none_60b5254171f9507e;C:\Program Files\Android\Android Studio\jre\bin\server;C:\Users\User\.gradle\native\29\windows-amd64

VM Arguments:
jvm_args: --add-opens=java.base/java.util=ALL-UNNAMED --add-opens=java.base/java.lang=ALL-UNNAMED --add-opens=java.base/java.lang.invoke=ALL-UNNAMED --add-opens=java.prefs/java.util.prefs=ALL-UNNAMED -Xmx1536m -Dfile.encoding=windows-1252 -Duser.country=PH -Duser.language=en -Duser.variant 
java_command: org.gradle.launcher.daemon.bootstrap.GradleDaemon 5.4.1
java_class_path (initial): C:\Users\User\.gradle\wrapper\dists\gradle-5.4.1-all\3221gyojl5jsh0helicew7rwx\gradle-5.4.1\lib\gradle-launcher-5.4.1.jar
Launcher Type: SUN_STANDARD

[Global flags]
     intx CICompilerCount                          = 3                                         {product} {ergonomic}
     uint ConcGCThreads                            = 1                                         {product} {ergonomic}
     uint G1ConcRefinementThreads                  = 4                                         {product} {ergonomic}
   size_t G1HeapRegionSize                         = 1048576                                   {product} {ergonomic}
    uintx GCDrainStackTargetSize                   = 64                                        {product} {ergonomic}
   size_t InitialHeapSize                          = 134217728                                 {product} {ergonomic}
   size_t MarkStackSize                            = 4194304                                   {product} {ergonomic}
   size_t MaxHeapSize                              = 1610612736                                {product} {command line}
   size_t MaxNewSize                               = 965738496                                 {product} {ergonomic}
   size_t MinHeapDeltaBytes                        = 1048576                                   {product} {ergonomic}
    uintx NonNMethodCodeHeapSize                   = 5830732                                {pd product} {ergonomic}
    uintx NonProfiledCodeHeapSize                  = 122913754                              {pd product} {ergonomic}
    uintx ProfiledCodeHeapSize                     = 122913754                              {pd product} {ergonomic}
    uintx ReservedCodeCacheSize                    = 251658240                              {pd product} {ergonomic}
     bool SegmentedCodeCache                       = true                                      {product} {ergonomic}
     bool UseCompressedClassPointers               = true                                 {lp64_product} {ergonomic}
     bool UseCompressedOops                        = true                                 {lp64_product} {ergonomic}
     bool UseG1GC                                  = true                                      {product} {ergonomic}
     bool UseLargePagesIndividualAllocation        = false                                  {pd product} {ergonomic}

Logging:
Log output configuration:
 #0: stdout all=warning uptime,level,tags
 #1: stderr all=off uptime,level,tags

Environment Variables:
PATH=C:\Program Files (x86)\Common Files\Oracle\Java\javapath;C:\ProgramData\Oracle\Java\javapath;C:\Program Files (x86)\Intel\iCLS Client\;C:\Program Files\Intel\iCLS Client\;C:\Windows\system32;C:\Windows;C:\Windows\System32\Wbem;C:\Windows\System32\WindowsPowerShell\v1.0\;C:\Program Files (x86)\Intel\Intel(R) Management Engine Components\DAL;C:\Program Files\Intel\Intel(R) Management Engine Components\DAL;C:\Program Files (x86)\Intel\Intel(R) Management Engine Components\IPT;C:\Program Files\Intel\Intel(R) Management Engine Components\IPT;C:\Program Files (x86)\NVIDIA Corporation\PhysX\Common;C:\WINDOWS\system32\config\systemprofile\.dnx\bin;C:\Program Files\Microsoft DNX\Dnvm\;C:\Program Files\Microsoft SQL Server\120\Tools\Binn\;C:\Program Files\Microsoft SQL Server\130\Tools\Binn\;C:\WINDOWS\system32;C:\WINDOWS;C:\WINDOWS\System32\Wbem;C:\WINDOWS\System32\WindowsPowerShell\v1.0\;C:\WINDOWS\System32\OpenSSH\;C:\Program Files\Git\cmd;C:\Anaconda;C:\Anaconda\Library\mingw-w64\bin;C:\Anaconda\Library\usr\bin;C:\Anaconda\Library\bin;C:\Anaconda\Scripts;C:\Users\User\AppData\Local\Microsoft\WindowsApps;C:\Gradle\gradle-4.10.2\bin;C:\Users\User\AppData\Local\atom\bin;C:\Users\User\AppData\Local\Microsoft\WindowsApps;C:\Users\User\AppData\Local\GitHubDesktop\bin
USERNAME=User
OS=Windows_NT
PROCESSOR_IDENTIFIER=Intel64 Family 6 Model 158 Stepping 9, GenuineIntel



---------------  S Y S T E M  ---------------

OS: Windows 10 , 64 bit Build 19041 (10.0.19041.1151)
OS uptime: 0 days 0:17 hours

CPU:total 4 (initial active 4) (4 cores per cpu, 1 threads per core) family 6 model 158 stepping 9 microcode 0xb4, cmov, cx8, fxsr, mmx, sse, sse2, sse3, ssse3, sse4.1, sse4.2, popcnt, avx, avx2, aes, clmul, erms, 3dnowpref, lzcnt, tsc, tscinvbit, bmi1, bmi2, adx, fma

Memory: 4k page, system-wide physical 8075M (3930M free)
TotalPageFile size 14219M (AvailPageFile size 9259M)
current process WorkingSet (physical memory assigned to process): 346M, peak: 348M
current process commit charge ("private bytes"): 381M, peak: 382M

vm_info: OpenJDK 64-Bit Server VM (11.0.10+0-b96-7249189) for windows-amd64 JRE (11.0.10+0-b96-7249189), built on Mar 31 2021 21:44:00 by "builder" with MS VC++ 14.0 (VS2015)

END.
