#
# A fatal error has been detected by the Java Runtime Environment:
#
#  EXCEPTION_ACCESS_VIOLATION (0xc0000005) at pc=0x00007ffa3c007db0, pid=10640, tid=10772
#
# JRE version: OpenJDK Runtime Environment (11.0.10) (build 11.0.10+0-b96-7249189)
# Java VM: OpenJDK 64-Bit Server VM (11.0.10+0-b96-7249189, mixed mode, tiered, compressed oops, g1 gc, windows-amd64)
# Problematic frame:
# V  [jvm.dll+0x357db0]
#
# No core dump will be written. Minidumps are not enabled by default on client versions of Windows
#
# If you would like to submit a bug report, please visit:
#   https://bugreport.java.com/bugreport/crash.jsp
#

---------------  S U M M A R Y ------------

Command Line: --add-opens=java.base/java.util=ALL-UNNAMED --add-opens=java.base/java.lang=ALL-UNNAMED --add-opens=java.base/java.lang.invoke=ALL-UNNAMED --add-opens=java.prefs/java.util.prefs=ALL-UNNAMED -Xmx1536m -Dfile.encoding=windows-1252 -Duser.country=PH -Duser.language=en -Duser.variant org.gradle.launcher.daemon.bootstrap.GradleDaemon 5.4.1

Host: Intel(R) Core(TM) i5-7300HQ CPU @ 2.50GHz, 4 cores, 7G,  Windows 10 , 64 bit Build 19041 (10.0.19041.1151)
Time: Sun Sep 12 20:42:55 2021 Malay Peninsula Standard Time elapsed time: 5.370199 seconds (0d 0h 0m 5s)

---------------  T H R E A D  ---------------

Current thread (0x0000016ffe69d000):  JavaThread "C2 CompilerThread0" daemon [_thread_in_native, id=10772, stack(0x00000010a8000000,0x00000010a8100000)]


Current CompileTask:
C2:   5370 3887       4       jdk.internal.loader.URLClassPath$JarLoader$2::getInputStream (15 bytes)

Stack: [0x00000010a8000000,0x00000010a8100000],  sp=0x00000010a80fba90,  free space=1006k
Native frames: (J=compiled Java code, j=interpreted, Vv=VM code, C=native code)
V  [jvm.dll+0x357db0]
V  [jvm.dll+0x35389e]
V  [jvm.dll+0x198938]
V  [jvm.dll+0x1980a7]
V  [jvm.dll+0x1fb70e]
V  [jvm.dll+0x1fa7f4]
V  [jvm.dll+0x18354c]
V  [jvm.dll+0x208ee7]
V  [jvm.dll+0x207731]
V  [jvm.dll+0x6eb1cf]
V  [jvm.dll+0x6e3d45]
V  [jvm.dll+0x5ebe96]
C  [ucrtbase.dll+0x21bb2]
C  [KERNEL32.DLL+0x17034]
C  [ntdll.dll+0x52651]


siginfo: EXCEPTION_ACCESS_VIOLATION (0xc0000005), reading address 0x00007ffa346a7c38


Register to memory mapping:

RIP=0x00007ffa3c007db0 jvm.dll
RAX=0x00007ffa346a7c38 is an unknown value
RBX=0x0000000000000038 is an unknown value
RCX=0x00000010a80ff2e0 is pointing into the stack for thread: 0x0000016ffe69d000
RDX=0x0 is NULL
RSP=0x00000010a80fba90 is pointing into the stack for thread: 0x0000016ffe69d000
RBP=0x0000000000000008 is an unknown value
RSI=0x00007ffa3c6a7c38 jvm.dll
RDI=0x0000016ffe64edb0 points into unknown readable memory: 0x0000016ffe694c60 | 60 4c 69 fe 6f 01 00 00
R8 =0x0000016f825d7ca0 points into unknown readable memory: 0x0000016f825d70a0 | a0 70 5d 82 6f 01 00 00
R9 =0x00000010a80fbae0 is pointing into the stack for thread: 0x0000016ffe69d000
R10=0x0000000000000007 is an unknown value
R11=0x0000016f8581b1f0 points into unknown readable memory: 0x0000000000000002 | 02 00 00 00 00 00 00 00
R12=0x00000000000003d8 is an unknown value
R13=0x0000000000000008 is an unknown value
R14=0x0000000000028460 is an unknown value
R15=0x0000000000000407 is an unknown value


Registers:
RAX=0x00007ffa346a7c38, RBX=0x0000000000000038, RCX=0x00000010a80ff2e0, RDX=0x0000000000000000
RSP=0x00000010a80fba90, RBP=0x0000000000000008, RSI=0x00007ffa3c6a7c38, RDI=0x0000016ffe64edb0
R8 =0x0000016f825d7ca0, R9 =0x00000010a80fbae0, R10=0x0000000000000007, R11=0x0000016f8581b1f0
R12=0x00000000000003d8, R13=0x0000000000000008, R14=0x0000000000028460, R15=0x0000000000000407
RIP=0x00007ffa3c007db0, EFLAGS=0x0000000000010246

Top of Stack: (sp=0x00000010a80fba90)
0x00000010a80fba90:   0000016f85885810 00000a8500000000
0x00000010a80fbaa0:   0000035400000202 00007ffa00000003
0x00000010a80fbab0:   0000000000000007 00007ffa3c00389e
0x00000010a80fbac0:   00000010a80fbd90 00007ffa3bcb0000
0x00000010a80fbad0:   0000016f83da9170 00007ffa3c002b90
0x00000010a80fbae0:   0000040a00000000 0000001000000001
0x00000010a80fbaf0:   00007ffa346a7c38 00007ffa00000005
0x00000010a80fbb00:   0000016f8581b200 00007ffa0000000b
0x00000010a80fbb10:   0000016f8581b1f0 0000016f83e04930
0x00000010a80fbb20:   0000016f85885800 0000000000000000
0x00000010a80fbb30:   0000000000000407 00007ffa3be48938
0x00000010a80fbb40:   00000010a80fc130 00007ffa3bcb0000
0x00000010a80fbb50:   00000010a80fc218 000000000005dfc0
0x00000010a80fbb60:   0000040c00000000 0000016f00000008
0x00000010a80fbb70:   0000016f801115c0 000000100000000b
0x00000010a80fbb80:   0000016f8581b2a0 0000016f0000000b 

Instructions: (pc=0x00007ffa3c007db0)
0x00007ffa3c007cb0:   58 4c 8b 64 24 50 48 8b c3 48 83 c4 20 41 5f 5f
0x00007ffa3c007cc0:   5e 5d 5b c3 cc cc cc cc cc cc cc cc cc cc cc cc
0x00007ffa3c007cd0:   83 3a 00 4c 8b c2 c7 41 08 08 00 00 00 75 16 33
0x00007ffa3c007ce0:   d2 c7 41 18 01 00 00 00 89 11 48 8b c1 c7 41 28
0x00007ffa3c007cf0:   01 00 00 00 c3 33 d2 48 89 11 89 51 18 41 8b 80
0x00007ffa3c007d00:   90 00 00 00 89 41 28 48 89 51 10 49 8b 40 08 48
0x00007ffa3c007d10:   89 41 20 48 8b c1 4c 89 41 30 c3 cc cc cc cc cc
0x00007ffa3c007d20:   48 83 ec 28 8b 51 08 4c 8b c9 83 fa 08 73 18 4c
0x00007ffa3c007d30:   8b 41 10 8b c2 41 83 3c 80 00 0f 85 0d 01 00 00
0x00007ffa3c007d40:   ff c2 83 fa 08 72 ec 44 8b 51 18 48 89 5c 24 30
0x00007ffa3c007d50:   48 89 6c 24 38 48 89 74 24 40 48 89 7c 24 20 44
0x00007ffa3c007d60:   3b 51 28 0f 83 b9 00 00 00 8b 0d 0d ba 6d 00 48
0x00007ffa3c007d70:   8d 35 c2 fe 69 00 65 48 8b 04 25 58 00 00 00 bd
0x00007ffa3c007d80:   08 00 00 00 48 8d 3c c8 0f 1f 84 00 00 00 00 00
0x00007ffa3c007d90:   41 8b c2 48 8d 1c c5 00 00 00 00 49 8b 41 20 48
0x00007ffa3c007da0:   8b 04 03 48 3b c6 74 6d 49 89 41 10 33 d2 66 90
0x00007ffa3c007db0:   83 38 00 0f 85 c3 00 00 00 ff c2 48 83 c0 04 83
0x00007ffa3c007dc0:   fa 08 72 ec 4d 8b 59 30 4d 85 db 74 48 49 8b 43
0x00007ffa3c007dd0:   08 8b d5 48 03 17 4c 8b 04 03 48 8b 02 48 8b 88
0x00007ffa3c007de0:   d0 04 00 00 48 8b 81 88 00 00 00 48 8b 88 88 08
0x00007ffa3c007df0:   00 00 49 89 08 48 8b 02 48 8b 88 d0 04 00 00 48
0x00007ffa3c007e00:   8b 81 88 00 00 00 4c 89 80 88 08 00 00 49 8b 43
0x00007ffa3c007e10:   08 48 89 34 03 41 ff c2 45 3b 51 28 0f 82 6e ff
0x00007ffa3c007e20:   ff ff 41 8b 41 28 41 89 41 18 33 c0 41 c7 41 08
0x00007ffa3c007e30:   08 00 00 00 48 8b 74 24 40 48 8b 6c 24 38 48 8b
0x00007ffa3c007e40:   5c 24 30 48 8b 7c 24 20 48 83 c4 28 c3 8b 41 18
0x00007ffa3c007e50:   8d 0c c2 8b c2 c1 e1 05 81 e9 00 01 00 00 41 89
0x00007ffa3c007e60:   49 04 41 8b 0c 80 8d 42 01 41 89 09 49 8b c9 41
0x00007ffa3c007e70:   89 41 08 48 83 c4 28 e9 a4 33 e4 ff 42 8d 04 d2
0x00007ffa3c007e80:   c1 e0 05 41 89 41 04 49 8b 41 10 8b 0c 90 41 8d
0x00007ffa3c007e90:   42 01 41 89 41 18 8d 42 01 41 89 09 49 8b c9 41
0x00007ffa3c007ea0:   89 41 08 e8 78 33 e4 ff eb 8a cc cc cc cc cc cc 


Stack slot to memory mapping:
stack at sp + 0 slots: 0x0000016f85885810 points into unknown readable memory: 0x00007ffa3c51de48 | 48 de 51 3c fa 7f 00 00
stack at sp + 1 slots: 0x00000a8500000000 is an unknown value
stack at sp + 2 slots: 0x0000035400000202 is an unknown value
stack at sp + 3 slots: 0x00007ffa00000003 is an unknown value
stack at sp + 4 slots: 0x0000000000000007 is an unknown value
stack at sp + 5 slots: 0x00007ffa3c00389e jvm.dll
stack at sp + 6 slots: 0x00000010a80fbd90 is pointing into the stack for thread: 0x0000016ffe69d000
stack at sp + 7 slots: 0x00007ffa3bcb0000 jvm.dll


---------------  P R O C E S S  ---------------

Threads class SMR info:
_java_thread_list=0x0000016f836eebe0, length=32, elements={
0x0000016fe567b800, 0x0000016ffe678000, 0x0000016ffe679000, 0x0000016ffe695800,
0x0000016ffe698000, 0x0000016ffe69a000, 0x0000016ffe69d000, 0x0000016ffe69f800,
0x0000016ffe6a3800, 0x0000016fff169000, 0x0000016f8082e800, 0x0000016f80577000,
0x0000016f808c4000, 0x0000016f808f5000, 0x0000016f8097d800, 0x0000016f809bd800,
0x0000016f809be800, 0x0000016f80b05800, 0x0000016f80b30000, 0x0000016f80bc5000,
0x0000016f80bc4800, 0x0000016f80bc1000, 0x0000016f80bc2800, 0x0000016f80bc3800,
0x0000016f80bbf800, 0x0000016f832f7800, 0x0000016f832f8800, 0x0000016f832fb000,
0x0000016f832ff000, 0x0000016f832fc800, 0x0000016f832f9800, 0x0000016f832fa000
}

Java Threads: ( => current thread )
  0x0000016fe567b800 JavaThread "main" [_thread_blocked, id=9968, stack(0x00000010a7400000,0x00000010a7500000)]
  0x0000016ffe678000 JavaThread "Reference Handler" daemon [_thread_blocked, id=10736, stack(0x00000010a7b00000,0x00000010a7c00000)]
  0x0000016ffe679000 JavaThread "Finalizer" daemon [_thread_blocked, id=10748, stack(0x00000010a7c00000,0x00000010a7d00000)]
  0x0000016ffe695800 JavaThread "Signal Dispatcher" daemon [_thread_blocked, id=10724, stack(0x00000010a7d00000,0x00000010a7e00000)]
  0x0000016ffe698000 JavaThread "Attach Listener" daemon [_thread_blocked, id=10720, stack(0x00000010a7e00000,0x00000010a7f00000)]
  0x0000016ffe69a000 JavaThread "Service Thread" daemon [_thread_blocked, id=10016, stack(0x00000010a7f00000,0x00000010a8000000)]
=>0x0000016ffe69d000 JavaThread "C2 CompilerThread0" daemon [_thread_in_native, id=10772, stack(0x00000010a8000000,0x00000010a8100000)]
  0x0000016ffe69f800 JavaThread "C1 CompilerThread0" daemon [_thread_blocked, id=10768, stack(0x00000010a8100000,0x00000010a8200000)]
  0x0000016ffe6a3800 JavaThread "Sweeper thread" daemon [_thread_blocked, id=9228, stack(0x00000010a8200000,0x00000010a8300000)]
  0x0000016fff169000 JavaThread "Common-Cleaner" daemon [_thread_blocked, id=9292, stack(0x00000010a8300000,0x00000010a8400000)]
  0x0000016f8082e800 JavaThread "Daemon health stats" [_thread_blocked, id=9952, stack(0x00000010a8800000,0x00000010a8900000)]
  0x0000016f80577000 JavaThread "Incoming local TCP Connector on port 1037" [_thread_in_native, id=9992, stack(0x00000010a8700000,0x00000010a8800000)]
  0x0000016f808c4000 JavaThread "Daemon" [_thread_blocked, id=9284, stack(0x00000010a8900000,0x00000010a8a00000)]
  0x0000016f808f5000 JavaThread "Daemon periodic checks" [_thread_blocked, id=9304, stack(0x00000010a8a00000,0x00000010a8b00000)]
  0x0000016f8097d800 JavaThread "Handler for socket connection from /127.0.0.1:1037 to /127.0.0.1:1038" [_thread_in_native, id=9308, stack(0x00000010a8b00000,0x00000010a8c00000)]
  0x0000016f809bd800 JavaThread "Cancel handler" [_thread_blocked, id=6288, stack(0x00000010a8c00000,0x00000010a8d00000)]
  0x0000016f809be800 JavaThread "Daemon worker" [_thread_in_vm, id=10252, stack(0x00000010a8d00000,0x00000010a8e00000)]
  0x0000016f80b05800 JavaThread "Asynchronous log dispatcher for DefaultDaemonConnection: socket connection from /127.0.0.1:1037 to /127.0.0.1:1038" [_thread_blocked, id=10912, stack(0x00000010a8e00000,0x00000010a8f00000)]
  0x0000016f80b30000 JavaThread "Stdin handler" [_thread_blocked, id=11036, stack(0x00000010a8f00000,0x00000010a9000000)]
  0x0000016f80bc5000 JavaThread "Thread-8" [_thread_blocked, id=11000, stack(0x00000010a9000000,0x00000010a9100000)]
  0x0000016f80bc4800 JavaThread "Cache worker for file hash cache (C:\Users\User\.gradle\caches\5.4.1\fileHashes)" [_thread_blocked, id=11064, stack(0x00000010a9100000,0x00000010a9200000)]
  0x0000016f80bc1000 JavaThread "File lock request listener" [_thread_in_native, id=10904, stack(0x00000010a9200000,0x00000010a9300000)]
  0x0000016f80bc2800 JavaThread "Cache worker for journal cache (C:\Users\User\.gradle\caches\journal-1)" [_thread_blocked, id=10860, stack(0x00000010a9300000,0x00000010a9400000)]
  0x0000016f80bc3800 JavaThread "C2 CompilerThread1" daemon [_thread_blocked, id=10896, stack(0x00000010a9400000,0x00000010a9500000)]
  0x0000016f80bbf800 JavaThread "Cache worker for file hash cache (C:\Users\User\Desktop\Other Things\MCFE\IPAMSS\.gradle\5.4.1\fileHashes)" [_thread_blocked, id=9024, stack(0x00000010a9600000,0x00000010a9700000)]
  0x0000016f832f7800 JavaThread "Cache worker for cache directory md-supplier (C:\Users\User\.gradle\caches\5.4.1\md-supplier)" [_thread_blocked, id=11100, stack(0x00000010a9700000,0x00000010a9800000)]
  0x0000016f832f8800 JavaThread "Cache worker for cache directory md-rule (C:\Users\User\.gradle\caches\5.4.1\md-rule)" [_thread_blocked, id=8460, stack(0x00000010a9800000,0x00000010a9900000)]
  0x0000016f832fb000 JavaThread "Cache worker for execution history cache (C:\Users\User\.gradle\caches\5.4.1\executionHistory)" [_thread_blocked, id=7836, stack(0x00000010a9900000,0x00000010a9a00000)]
  0x0000016f832ff000 JavaThread "Build operations" [_thread_blocked, id=8436, stack(0x00000010a9a00000,0x00000010a9b00000)]
  0x0000016f832fc800 JavaThread "Build operations Thread 2" [_thread_blocked, id=4228, stack(0x00000010a9b00000,0x00000010a9c00000)]
  0x0000016f832f9800 JavaThread "Build operations Thread 3" [_thread_blocked, id=8092, stack(0x00000010a9c00000,0x00000010a9d00000)]
  0x0000016f832fa000 JavaThread "Build operations Thread 4" [_thread_blocked, id=4520, stack(0x00000010a9d00000,0x00000010a9e00000)]

Other Threads:
  0x0000016ffe653000 VMThread "VM Thread" [stack: 0x00000010a7a00000,0x00000010a7b00000] [id=10752]
  0x0000016fff197000 WatcherThread [stack: 0x00000010a8400000,0x00000010a8500000] [id=9300]
  0x0000016fe5695000 GCTaskThread "GC Thread#0" [stack: 0x00000010a7500000,0x00000010a7600000] [id=9976]
  0x0000016fff786000 GCTaskThread "GC Thread#1" [stack: 0x00000010a8500000,0x00000010a8600000] [id=9288]
  0x0000016fff787000 GCTaskThread "GC Thread#2" [stack: 0x00000010a8600000,0x00000010a8700000] [id=9528]
  0x0000016f80fa8800 GCTaskThread "GC Thread#3" [stack: 0x00000010a9500000,0x00000010a9600000] [id=10856]
  0x0000016fe56ba800 ConcurrentGCThread "G1 Main Marker" [stack: 0x00000010a7600000,0x00000010a7700000] [id=9972]
  0x0000016fe56bd000 ConcurrentGCThread "G1 Conc#0" [stack: 0x00000010a7700000,0x00000010a7800000] [id=10564]
  0x0000016fe574a800 ConcurrentGCThread "G1 Refine#0" [stack: 0x00000010a7800000,0x00000010a7900000] [id=10744]
  0x0000016fe574d800 ConcurrentGCThread "G1 Young RemSet Sampling" [stack: 0x00000010a7900000,0x00000010a7a00000] [id=10732]

Threads with active compile tasks:
C2 CompilerThread0   5442 3887       4       jdk.internal.loader.URLClassPath$JarLoader$2::getInputStream (15 bytes)
C1 CompilerThread0   5442 4048       3       java.lang.WeakPairMap$Pair::equals (34 bytes)

VM state:not at safepoint (normal execution)

VM Mutex/Monitor currently owned by a thread: None

Heap address: 0x00000000a0000000, size: 1536 MB, Compressed Oops mode: 32-bit
Narrow klass base: 0x0000000000000000, Narrow klass shift: 3
Compressed class space size: 1073741824 Address: 0x0000000100000000

Heap:
 garbage-first heap   total 157696K, used 94177K [0x00000000a0000000, 0x0000000100000000)
  region size 1024K, 59 young (60416K), 4 survivors (4096K)
 Metaspace       used 44860K, capacity 45822K, committed 46080K, reserved 1089536K
  class space    used 5742K, capacity 6064K, committed 6144K, reserved 1048576K
Heap Regions: E=young(eden), S=young(survivor), O=old, HS=humongous(starts), HC=humongous(continues), CS=collection set, F=free, A=archive, TAMS=top-at-mark-start (previous, next)
|   0|0x00000000a0000000, 0x00000000a0100000, 0x00000000a0100000|100%| O|  |TAMS 0x00000000a0100000, 0x00000000a0000000| Untracked 
|   1|0x00000000a0100000, 0x00000000a0200000, 0x00000000a0200000|100%| O|  |TAMS 0x00000000a0200000, 0x00000000a0100000| Untracked 
|   2|0x00000000a0200000, 0x00000000a0300000, 0x00000000a0300000|100%|HS|  |TAMS 0x00000000a0300000, 0x00000000a0200000| Complete 
|   3|0x00000000a0300000, 0x00000000a0400000, 0x00000000a0400000|100%|HS|  |TAMS 0x00000000a0400000, 0x00000000a0300000| Complete 
|   4|0x00000000a0400000, 0x00000000a0500000, 0x00000000a0500000|100%|HC|  |TAMS 0x00000000a0500000, 0x00000000a0400000| Complete 
|   5|0x00000000a0500000, 0x00000000a0600000, 0x00000000a0600000|100%| O|  |TAMS 0x00000000a0600000, 0x00000000a0500000| Untracked 
|   6|0x00000000a0600000, 0x00000000a0700000, 0x00000000a0700000|100%| O|  |TAMS 0x00000000a0700000, 0x00000000a0600000| Untracked 
|   7|0x00000000a0700000, 0x00000000a0800000, 0x00000000a0800000|100%| O|  |TAMS 0x00000000a0800000, 0x00000000a0700000| Untracked 
|   8|0x00000000a0800000, 0x00000000a0900000, 0x00000000a0900000|100%| O|  |TAMS 0x00000000a0900000, 0x00000000a0800000| Untracked 
|   9|0x00000000a0900000, 0x00000000a0a00000, 0x00000000a0a00000|100%| O|  |TAMS 0x00000000a0a00000, 0x00000000a0900000| Untracked 
|  10|0x00000000a0a00000, 0x00000000a0b00000, 0x00000000a0b00000|100%| O|  |TAMS 0x00000000a0b00000, 0x00000000a0a00000| Untracked 
|  11|0x00000000a0b00000, 0x00000000a0c00000, 0x00000000a0c00000|100%| O|  |TAMS 0x00000000a0c00000, 0x00000000a0b00000| Untracked 
|  12|0x00000000a0c00000, 0x00000000a0d00000, 0x00000000a0d00000|100%| O|  |TAMS 0x00000000a0d00000, 0x00000000a0c00000| Untracked 
|  13|0x00000000a0d00000, 0x00000000a0e00000, 0x00000000a0e00000|100%|HS|  |TAMS 0x00000000a0e00000, 0x00000000a0d00000| Complete 
|  14|0x00000000a0e00000, 0x00000000a0f00000, 0x00000000a0f00000|100%|HC|  |TAMS 0x00000000a0f00000, 0x00000000a0e00000| Complete 
|  15|0x00000000a0f00000, 0x00000000a1000000, 0x00000000a1000000|100%|HS|  |TAMS 0x00000000a1000000, 0x00000000a0f00000| Complete 
|  16|0x00000000a1000000, 0x00000000a1100000, 0x00000000a1100000|100%|HC|  |TAMS 0x00000000a1100000, 0x00000000a1000000| Complete 
|  17|0x00000000a1100000, 0x00000000a1200000, 0x00000000a1200000|100%|HC|  |TAMS 0x00000000a1200000, 0x00000000a1100000| Complete 
|  18|0x00000000a1200000, 0x00000000a1300000, 0x00000000a1300000|100%|HS|  |TAMS 0x00000000a1300000, 0x00000000a1200000| Complete 
|  19|0x00000000a1300000, 0x00000000a1400000, 0x00000000a1400000|100%|HC|  |TAMS 0x00000000a1400000, 0x00000000a1300000| Complete 
|  20|0x00000000a1400000, 0x00000000a1500000, 0x00000000a1500000|100%|HC|  |TAMS 0x00000000a1500000, 0x00000000a1400000| Complete 
|  21|0x00000000a1500000, 0x00000000a1600000, 0x00000000a1600000|100%|HC|  |TAMS 0x00000000a1600000, 0x00000000a1500000| Complete 
|  22|0x00000000a1600000, 0x00000000a1700000, 0x00000000a1700000|100%|HC|  |TAMS 0x00000000a1700000, 0x00000000a1600000| Complete 
|  23|0x00000000a1700000, 0x00000000a1800000, 0x00000000a1800000|100%|HS|  |TAMS 0x00000000a1700000, 0x00000000a1700000| Complete 
|  24|0x00000000a1800000, 0x00000000a1900000, 0x00000000a1900000|100%|HC|  |TAMS 0x00000000a1800000, 0x00000000a1800000| Complete 
|  25|0x00000000a1900000, 0x00000000a1a00000, 0x00000000a1a00000|100%|HC|  |TAMS 0x00000000a1900000, 0x00000000a1900000| Complete 
|  26|0x00000000a1a00000, 0x00000000a1b00000, 0x00000000a1b00000|100%| O|  |TAMS 0x00000000a1b00000, 0x00000000a1a00000| Untracked 
|  27|0x00000000a1b00000, 0x00000000a1c00000, 0x00000000a1c00000|100%| O|  |TAMS 0x00000000a1c00000, 0x00000000a1b00000| Untracked 
|  28|0x00000000a1c00000, 0x00000000a1d00000, 0x00000000a1d00000|100%| O|  |TAMS 0x00000000a1d00000, 0x00000000a1c00000| Untracked 
|  29|0x00000000a1d00000, 0x00000000a1e00000, 0x00000000a1e00000|100%| O|  |TAMS 0x00000000a1e00000, 0x00000000a1d00000| Untracked 
|  30|0x00000000a1e00000, 0x00000000a1f00000, 0x00000000a1f00000|100%| O|  |TAMS 0x00000000a1f00000, 0x00000000a1e00000| Untracked 
|  31|0x00000000a1f00000, 0x00000000a2000000, 0x00000000a2000000|100%| O|  |TAMS 0x00000000a2000000, 0x00000000a1f00000| Untracked 
|  32|0x00000000a2000000, 0x00000000a2100000, 0x00000000a2100000|100%| O|  |TAMS 0x00000000a2100000, 0x00000000a2000000| Untracked 
|  33|0x00000000a2100000, 0x00000000a2200000, 0x00000000a2200000|100%|HS|  |TAMS 0x00000000a2100000, 0x00000000a2100000| Complete 
|  34|0x00000000a2200000, 0x00000000a2300000, 0x00000000a2300000|100%|HC|  |TAMS 0x00000000a2200000, 0x00000000a2200000| Complete 
|  35|0x00000000a2300000, 0x00000000a2300000, 0x00000000a2400000|  0%| F|  |TAMS 0x00000000a2300000, 0x00000000a2300000| Untracked 
|  36|0x00000000a2400000, 0x00000000a2400000, 0x00000000a2500000|  0%| F|  |TAMS 0x00000000a2400000, 0x00000000a2400000| Untracked 
|  37|0x00000000a2500000, 0x00000000a2500000, 0x00000000a2600000|  0%| F|  |TAMS 0x00000000a2500000, 0x00000000a2500000| Untracked 
|  38|0x00000000a2600000, 0x00000000a2600000, 0x00000000a2700000|  0%| F|  |TAMS 0x00000000a2600000, 0x00000000a2600000| Untracked 
|  39|0x00000000a2700000, 0x00000000a2700000, 0x00000000a2800000|  0%| F|  |TAMS 0x00000000a2700000, 0x00000000a2700000| Untracked 
|  40|0x00000000a2800000, 0x00000000a2800000, 0x00000000a2900000|  0%| F|  |TAMS 0x00000000a2800000, 0x00000000a2800000| Untracked 
|  41|0x00000000a2900000, 0x00000000a2900000, 0x00000000a2a00000|  0%| F|  |TAMS 0x00000000a2900000, 0x00000000a2900000| Untracked 
|  42|0x00000000a2a00000, 0x00000000a2a00000, 0x00000000a2b00000|  0%| F|  |TAMS 0x00000000a2a00000, 0x00000000a2a00000| Untracked 
|  43|0x00000000a2b00000, 0x00000000a2b00000, 0x00000000a2c00000|  0%| F|  |TAMS 0x00000000a2b00000, 0x00000000a2b00000| Untracked 
|  44|0x00000000a2c00000, 0x00000000a2c00000, 0x00000000a2d00000|  0%| F|  |TAMS 0x00000000a2c00000, 0x00000000a2c00000| Untracked 
|  45|0x00000000a2d00000, 0x00000000a2d00000, 0x00000000a2e00000|  0%| F|  |TAMS 0x00000000a2d00000, 0x00000000a2d00000| Untracked 
|  46|0x00000000a2e00000, 0x00000000a2e00000, 0x00000000a2f00000|  0%| F|  |TAMS 0x00000000a2e00000, 0x00000000a2e00000| Untracked 
|  47|0x00000000a2f00000, 0x00000000a2f00000, 0x00000000a3000000|  0%| F|  |TAMS 0x00000000a2f00000, 0x00000000a2f00000| Untracked 
|  48|0x00000000a3000000, 0x00000000a3000000, 0x00000000a3100000|  0%| F|  |TAMS 0x00000000a3000000, 0x00000000a3000000| Untracked 
|  49|0x00000000a3100000, 0x00000000a3100000, 0x00000000a3200000|  0%| F|  |TAMS 0x00000000a3100000, 0x00000000a3100000| Untracked 
|  50|0x00000000a3200000, 0x00000000a3200000, 0x00000000a3300000|  0%| F|  |TAMS 0x00000000a3200000, 0x00000000a3200000| Untracked 
|  51|0x00000000a3300000, 0x00000000a3300000, 0x00000000a3400000|  0%| F|  |TAMS 0x00000000a3300000, 0x00000000a3300000| Untracked 
|  52|0x00000000a3400000, 0x00000000a3400000, 0x00000000a3500000|  0%| F|  |TAMS 0x00000000a3400000, 0x00000000a3400000| Untracked 
|  53|0x00000000a3500000, 0x00000000a3500000, 0x00000000a3600000|  0%| F|  |TAMS 0x00000000a3500000, 0x00000000a3500000| Untracked 
|  54|0x00000000a3600000, 0x00000000a3600000, 0x00000000a3700000|  0%| F|  |TAMS 0x00000000a3600000, 0x00000000a3600000| Untracked 
|  55|0x00000000a3700000, 0x00000000a3700000, 0x00000000a3800000|  0%| F|  |TAMS 0x00000000a3700000, 0x00000000a3700000| Untracked 
|  56|0x00000000a3800000, 0x00000000a3800000, 0x00000000a3900000|  0%| F|  |TAMS 0x00000000a3800000, 0x00000000a3800000| Untracked 
|  57|0x00000000a3900000, 0x00000000a3900000, 0x00000000a3a00000|  0%| F|  |TAMS 0x00000000a3900000, 0x00000000a3900000| Untracked 
|  58|0x00000000a3a00000, 0x00000000a3a00000, 0x00000000a3b00000|  0%| F|  |TAMS 0x00000000a3a00000, 0x00000000a3a00000| Untracked 
|  59|0x00000000a3b00000, 0x00000000a3b00000, 0x00000000a3c00000|  0%| F|  |TAMS 0x00000000a3b00000, 0x00000000a3b00000| Untracked 
|  60|0x00000000a3c00000, 0x00000000a3c00000, 0x00000000a3d00000|  0%| F|  |TAMS 0x00000000a3c00000, 0x00000000a3c00000| Untracked 
|  61|0x00000000a3d00000, 0x00000000a3d00000, 0x00000000a3e00000|  0%| F|  |TAMS 0x00000000a3d00000, 0x00000000a3d00000| Untracked 
|  62|0x00000000a3e00000, 0x00000000a3e00000, 0x00000000a3f00000|  0%| F|  |TAMS 0x00000000a3e00000, 0x00000000a3e00000| Untracked 
|  63|0x00000000a3f00000, 0x00000000a3f00000, 0x00000000a4000000|  0%| F|  |TAMS 0x00000000a3f00000, 0x00000000a3f00000| Untracked 
|  64|0x00000000a4000000, 0x00000000a4000000, 0x00000000a4100000|  0%| F|  |TAMS 0x00000000a4000000, 0x00000000a4000000| Untracked 
|  65|0x00000000a4100000, 0x00000000a4100000, 0x00000000a4200000|  0%| F|  |TAMS 0x00000000a4100000, 0x00000000a4100000| Untracked 
|  66|0x00000000a4200000, 0x00000000a4200000, 0x00000000a4300000|  0%| F|  |TAMS 0x00000000a4200000, 0x00000000a4200000| Untracked 
|  67|0x00000000a4300000, 0x00000000a4300000, 0x00000000a4400000|  0%| F|  |TAMS 0x00000000a4300000, 0x00000000a4300000| Untracked 
|  68|0x00000000a4400000, 0x00000000a4400000, 0x00000000a4500000|  0%| F|  |TAMS 0x00000000a4400000, 0x00000000a4400000| Untracked 
|  69|0x00000000a4500000, 0x00000000a4500000, 0x00000000a4600000|  0%| F|  |TAMS 0x00000000a4500000, 0x00000000a4500000| Untracked 
|  70|0x00000000a4600000, 0x00000000a4600000, 0x00000000a4700000|  0%| F|  |TAMS 0x00000000a4600000, 0x00000000a4600000| Untracked 
|  71|0x00000000a4700000, 0x00000000a4700000, 0x00000000a4800000|  0%| F|  |TAMS 0x00000000a4700000, 0x00000000a4700000| Untracked 
|  72|0x00000000a4800000, 0x00000000a4800000, 0x00000000a4900000|  0%| F|  |TAMS 0x00000000a4800000, 0x00000000a4800000| Untracked 
|  73|0x00000000a4900000, 0x00000000a4900000, 0x00000000a4a00000|  0%| F|  |TAMS 0x00000000a4900000, 0x00000000a4900000| Untracked 
|  74|0x00000000a4a00000, 0x00000000a4af8770, 0x00000000a4b00000| 97%| S|CS|TAMS 0x00000000a4a00000, 0x00000000a4a00000| Complete 
|  75|0x00000000a4b00000, 0x00000000a4c00000, 0x00000000a4c00000|100%| S|CS|TAMS 0x00000000a4b00000, 0x00000000a4b00000| Complete 
|  76|0x00000000a4c00000, 0x00000000a4d00000, 0x00000000a4d00000|100%| S|CS|TAMS 0x00000000a4c00000, 0x00000000a4c00000| Complete 
|  77|0x00000000a4d00000, 0x00000000a4e00000, 0x00000000a4e00000|100%| S|CS|TAMS 0x00000000a4d00000, 0x00000000a4d00000| Complete 
|  78|0x00000000a4e00000, 0x00000000a4e00000, 0x00000000a4f00000|  0%| F|  |TAMS 0x00000000a4e00000, 0x00000000a4e00000| Untracked 
|  79|0x00000000a4f00000, 0x00000000a4f00000, 0x00000000a5000000|  0%| F|  |TAMS 0x00000000a4f00000, 0x00000000a4f00000| Untracked 
|  80|0x00000000a5000000, 0x00000000a5000000, 0x00000000a5100000|  0%| F|  |TAMS 0x00000000a5000000, 0x00000000a5000000| Untracked 
|  81|0x00000000a5100000, 0x00000000a5100000, 0x00000000a5200000|  0%| F|  |TAMS 0x00000000a5100000, 0x00000000a5100000| Untracked 
|  82|0x00000000a5200000, 0x00000000a5200000, 0x00000000a5300000|  0%| F|  |TAMS 0x00000000a5200000, 0x00000000a5200000| Untracked 
|  83|0x00000000a5300000, 0x00000000a5300000, 0x00000000a5400000|  0%| F|  |TAMS 0x00000000a5300000, 0x00000000a5300000| Untracked 
|  84|0x00000000a5400000, 0x00000000a5400000, 0x00000000a5500000|  0%| F|  |TAMS 0x00000000a5400000, 0x00000000a5400000| Untracked 
|  85|0x00000000a5500000, 0x00000000a5500000, 0x00000000a5600000|  0%| F|  |TAMS 0x00000000a5500000, 0x00000000a5500000| Untracked 
|  86|0x00000000a5600000, 0x00000000a5600000, 0x00000000a5700000|  0%| F|  |TAMS 0x00000000a5600000, 0x00000000a5600000| Untracked 
|  87|0x00000000a5700000, 0x00000000a5700000, 0x00000000a5800000|  0%| F|  |TAMS 0x00000000a5700000, 0x00000000a5700000| Untracked 
|  88|0x00000000a5800000, 0x00000000a5800000, 0x00000000a5900000|  0%| F|  |TAMS 0x00000000a5800000, 0x00000000a5800000| Untracked 
|  89|0x00000000a5900000, 0x00000000a5900000, 0x00000000a5a00000|  0%| F|  |TAMS 0x00000000a5900000, 0x00000000a5900000| Untracked 
|  90|0x00000000a5a00000, 0x00000000a5a00000, 0x00000000a5b00000|  0%| F|  |TAMS 0x00000000a5a00000, 0x00000000a5a00000| Untracked 
|  91|0x00000000a5b00000, 0x00000000a5b00000, 0x00000000a5c00000|  0%| F|  |TAMS 0x00000000a5b00000, 0x00000000a5b00000| Untracked 
|  92|0x00000000a5c00000, 0x00000000a5c00000, 0x00000000a5d00000|  0%| F|  |TAMS 0x00000000a5c00000, 0x00000000a5c00000| Untracked 
|  93|0x00000000a5d00000, 0x00000000a5d00000, 0x00000000a5e00000|  0%| F|  |TAMS 0x00000000a5d00000, 0x00000000a5d00000| Untracked 
|  94|0x00000000a5e00000, 0x00000000a5e00000, 0x00000000a5f00000|  0%| F|  |TAMS 0x00000000a5e00000, 0x00000000a5e00000| Untracked 
|  95|0x00000000a5f00000, 0x00000000a5f00000, 0x00000000a6000000|  0%| F|  |TAMS 0x00000000a5f00000, 0x00000000a5f00000| Untracked 
|  96|0x00000000a6000000, 0x00000000a6000000, 0x00000000a6100000|  0%| F|  |TAMS 0x00000000a6000000, 0x00000000a6000000| Untracked 
|  97|0x00000000a6100000, 0x00000000a6100000, 0x00000000a6200000|  0%| F|  |TAMS 0x00000000a6100000, 0x00000000a6100000| Untracked 
|  98|0x00000000a6200000, 0x00000000a6200000, 0x00000000a6300000|  0%| F|  |TAMS 0x00000000a6200000, 0x00000000a6200000| Untracked 
|  99|0x00000000a6300000, 0x00000000a6381a30, 0x00000000a6400000| 50%| E|  |TAMS 0x00000000a6300000, 0x00000000a6300000| Complete 
| 100|0x00000000a6400000, 0x00000000a6500000, 0x00000000a6500000|100%| E|CS|TAMS 0x00000000a6400000, 0x00000000a6400000| Complete 
| 101|0x00000000a6500000, 0x00000000a6600000, 0x00000000a6600000|100%| E|CS|TAMS 0x00000000a6500000, 0x00000000a6500000| Complete 
| 102|0x00000000a6600000, 0x00000000a6700000, 0x00000000a6700000|100%| E|CS|TAMS 0x00000000a6600000, 0x00000000a6600000| Complete 
| 103|0x00000000a6700000, 0x00000000a6800000, 0x00000000a6800000|100%| E|CS|TAMS 0x00000000a6700000, 0x00000000a6700000| Complete 
| 104|0x00000000a6800000, 0x00000000a6900000, 0x00000000a6900000|100%| E|CS|TAMS 0x00000000a6800000, 0x00000000a6800000| Complete 
| 105|0x00000000a6900000, 0x00000000a6a00000, 0x00000000a6a00000|100%| E|CS|TAMS 0x00000000a6900000, 0x00000000a6900000| Complete 
| 106|0x00000000a6a00000, 0x00000000a6b00000, 0x00000000a6b00000|100%| E|CS|TAMS 0x00000000a6a00000, 0x00000000a6a00000| Complete 
| 107|0x00000000a6b00000, 0x00000000a6c00000, 0x00000000a6c00000|100%| E|CS|TAMS 0x00000000a6b00000, 0x00000000a6b00000| Complete 
| 108|0x00000000a6c00000, 0x00000000a6d00000, 0x00000000a6d00000|100%| E|CS|TAMS 0x00000000a6c00000, 0x00000000a6c00000| Complete 
| 109|0x00000000a6d00000, 0x00000000a6e00000, 0x00000000a6e00000|100%| E|CS|TAMS 0x00000000a6d00000, 0x00000000a6d00000| Complete 
| 110|0x00000000a6e00000, 0x00000000a6f00000, 0x00000000a6f00000|100%| E|CS|TAMS 0x00000000a6e00000, 0x00000000a6e00000| Complete 
| 111|0x00000000a6f00000, 0x00000000a7000000, 0x00000000a7000000|100%| E|CS|TAMS 0x00000000a6f00000, 0x00000000a6f00000| Complete 
| 112|0x00000000a7000000, 0x00000000a7100000, 0x00000000a7100000|100%| E|CS|TAMS 0x00000000a7000000, 0x00000000a7000000| Complete 
| 113|0x00000000a7100000, 0x00000000a7200000, 0x00000000a7200000|100%| E|CS|TAMS 0x00000000a7100000, 0x00000000a7100000| Complete 
| 114|0x00000000a7200000, 0x00000000a7300000, 0x00000000a7300000|100%| E|CS|TAMS 0x00000000a7200000, 0x00000000a7200000| Complete 
| 115|0x00000000a7300000, 0x00000000a7400000, 0x00000000a7400000|100%| E|CS|TAMS 0x00000000a7300000, 0x00000000a7300000| Complete 
| 116|0x00000000a7400000, 0x00000000a7500000, 0x00000000a7500000|100%| E|CS|TAMS 0x00000000a7400000, 0x00000000a7400000| Complete 
| 117|0x00000000a7500000, 0x00000000a7600000, 0x00000000a7600000|100%| E|CS|TAMS 0x00000000a7500000, 0x00000000a7500000| Complete 
| 118|0x00000000a7600000, 0x00000000a7700000, 0x00000000a7700000|100%| E|CS|TAMS 0x00000000a7600000, 0x00000000a7600000| Complete 
| 119|0x00000000a7700000, 0x00000000a7800000, 0x00000000a7800000|100%| E|  |TAMS 0x00000000a7700000, 0x00000000a7700000| Complete 
| 120|0x00000000a7800000, 0x00000000a7900000, 0x00000000a7900000|100%| E|CS|TAMS 0x00000000a7800000, 0x00000000a7800000| Complete 
| 121|0x00000000a7900000, 0x00000000a7a00000, 0x00000000a7a00000|100%| E|CS|TAMS 0x00000000a7900000, 0x00000000a7900000| Complete 
| 122|0x00000000a7a00000, 0x00000000a7b00000, 0x00000000a7b00000|100%| E|CS|TAMS 0x00000000a7a00000, 0x00000000a7a00000| Complete 
| 123|0x00000000a7b00000, 0x00000000a7c00000, 0x00000000a7c00000|100%| E|CS|TAMS 0x00000000a7b00000, 0x00000000a7b00000| Complete 
| 124|0x00000000a7c00000, 0x00000000a7d00000, 0x00000000a7d00000|100%| E|CS|TAMS 0x00000000a7c00000, 0x00000000a7c00000| Complete 
| 125|0x00000000a7d00000, 0x00000000a7e00000, 0x00000000a7e00000|100%| E|CS|TAMS 0x00000000a7d00000, 0x00000000a7d00000| Complete 
| 126|0x00000000a7e00000, 0x00000000a7f00000, 0x00000000a7f00000|100%| E|CS|TAMS 0x00000000a7e00000, 0x00000000a7e00000| Complete 
| 127|0x00000000a7f00000, 0x00000000a8000000, 0x00000000a8000000|100%| E|CS|TAMS 0x00000000a7f00000, 0x00000000a7f00000| Complete 
| 128|0x00000000a8000000, 0x00000000a8100000, 0x00000000a8100000|100%| E|CS|TAMS 0x00000000a8000000, 0x00000000a8000000| Complete 
| 129|0x00000000a8100000, 0x00000000a8200000, 0x00000000a8200000|100%| E|CS|TAMS 0x00000000a8100000, 0x00000000a8100000| Complete 
| 130|0x00000000a8200000, 0x00000000a8300000, 0x00000000a8300000|100%| E|CS|TAMS 0x00000000a8200000, 0x00000000a8200000| Complete 
| 131|0x00000000a8300000, 0x00000000a8400000, 0x00000000a8400000|100%| E|CS|TAMS 0x00000000a8300000, 0x00000000a8300000| Complete 
| 132|0x00000000a8400000, 0x00000000a8500000, 0x00000000a8500000|100%| E|CS|TAMS 0x00000000a8400000, 0x00000000a8400000| Complete 
| 133|0x00000000a8500000, 0x00000000a8600000, 0x00000000a8600000|100%| E|CS|TAMS 0x00000000a8500000, 0x00000000a8500000| Complete 
| 134|0x00000000a8600000, 0x00000000a8700000, 0x00000000a8700000|100%| E|CS|TAMS 0x00000000a8600000, 0x00000000a8600000| Complete 
| 135|0x00000000a8700000, 0x00000000a8800000, 0x00000000a8800000|100%| E|CS|TAMS 0x00000000a8700000, 0x00000000a8700000| Complete 
| 136|0x00000000a8800000, 0x00000000a8900000, 0x00000000a8900000|100%| E|CS|TAMS 0x00000000a8800000, 0x00000000a8800000| Complete 
| 137|0x00000000a8900000, 0x00000000a8a00000, 0x00000000a8a00000|100%| E|CS|TAMS 0x00000000a8900000, 0x00000000a8900000| Complete 
| 138|0x00000000a8a00000, 0x00000000a8b00000, 0x00000000a8b00000|100%| E|CS|TAMS 0x00000000a8a00000, 0x00000000a8a00000| Complete 
| 139|0x00000000a8b00000, 0x00000000a8c00000, 0x00000000a8c00000|100%| E|CS|TAMS 0x00000000a8b00000, 0x00000000a8b00000| Complete 
| 140|0x00000000a8c00000, 0x00000000a8d00000, 0x00000000a8d00000|100%| E|CS|TAMS 0x00000000a8c00000, 0x00000000a8c00000| Complete 
| 141|0x00000000a8d00000, 0x00000000a8e00000, 0x00000000a8e00000|100%| E|CS|TAMS 0x00000000a8d00000, 0x00000000a8d00000| Complete 
| 142|0x00000000a8e00000, 0x00000000a8f00000, 0x00000000a8f00000|100%| E|CS|TAMS 0x00000000a8e00000, 0x00000000a8e00000| Complete 
| 143|0x00000000a8f00000, 0x00000000a9000000, 0x00000000a9000000|100%| E|CS|TAMS 0x00000000a8f00000, 0x00000000a8f00000| Complete 
| 144|0x00000000a9000000, 0x00000000a9100000, 0x00000000a9100000|100%| E|CS|TAMS 0x00000000a9000000, 0x00000000a9000000| Complete 
| 145|0x00000000a9100000, 0x00000000a9200000, 0x00000000a9200000|100%| E|CS|TAMS 0x00000000a9100000, 0x00000000a9100000| Complete 
| 146|0x00000000a9200000, 0x00000000a9300000, 0x00000000a9300000|100%| E|CS|TAMS 0x00000000a9200000, 0x00000000a9200000| Complete 
| 147|0x00000000a9300000, 0x00000000a9400000, 0x00000000a9400000|100%| E|CS|TAMS 0x00000000a9300000, 0x00000000a9300000| Complete 
| 148|0x00000000a9400000, 0x00000000a9500000, 0x00000000a9500000|100%| E|CS|TAMS 0x00000000a9400000, 0x00000000a9400000| Complete 
| 149|0x00000000a9500000, 0x00000000a9600000, 0x00000000a9600000|100%| E|CS|TAMS 0x00000000a9500000, 0x00000000a9500000| Complete 
| 150|0x00000000a9600000, 0x00000000a9700000, 0x00000000a9700000|100%| E|CS|TAMS 0x00000000a9600000, 0x00000000a9600000| Complete 
| 151|0x00000000a9700000, 0x00000000a9800000, 0x00000000a9800000|100%| E|CS|TAMS 0x00000000a9700000, 0x00000000a9700000| Complete 
| 152|0x00000000a9800000, 0x00000000a9900000, 0x00000000a9900000|100%| E|CS|TAMS 0x00000000a9800000, 0x00000000a9800000| Complete 
| 153|0x00000000a9900000, 0x00000000a9a00000, 0x00000000a9a00000|100%| E|CS|TAMS 0x00000000a9900000, 0x00000000a9900000| Complete 

Card table byte_map: [0x0000016ff8a90000,0x0000016ff8d90000] _byte_map_base: 0x0000016ff8590000

Marking Bits (Prev, Next): (CMBitMap*) 0x0000016fe56b3db8, (CMBitMap*) 0x0000016fe56b3df0
 Prev Bits: [0x0000016ff9090000, 0x0000016ffa890000)
 Next Bits: [0x0000016ffa890000, 0x0000016ffc090000)

Polling page: 0x0000016fe3e40000

Metaspace:

Usage:
  Non-class:     38.83 MB capacity,    38.22 MB ( 98%) used,   547.19 KB (  1%) free+waste,    71.13 KB ( <1%) overhead. 
      Class:      5.92 MB capacity,     5.61 MB ( 95%) used,   286.48 KB (  5%) free+waste,    32.63 KB ( <1%) overhead. 
       Both:     44.75 MB capacity,    43.84 MB ( 98%) used,   833.66 KB (  2%) free+waste,   103.75 KB ( <1%) overhead. 

Virtual space:
  Non-class space:       40.00 MB reserved,      39.00 MB ( 98%) committed 
      Class space:        1.00 GB reserved,       6.00 MB ( <1%) committed 
             Both:        1.04 GB reserved,      45.00 MB (  4%) committed 

Chunk freelists:
   Non-Class:  48.00 KB
       Class:  15.00 KB
        Both:  63.00 KB

MaxMetaspaceSize: 17179869184.00 GB
CompressedClassSpaceSize: 1.00 GB

CodeHeap 'non-profiled nmethods': size=120064Kb used=2063Kb max_used=2063Kb free=118000Kb
 bounds [0x0000016ff0c30000, 0x0000016ff0ea0000, 0x0000016ff8170000]
CodeHeap 'profiled nmethods': size=120000Kb used=8274Kb max_used=8274Kb free=111725Kb
 bounds [0x0000016fe9700000, 0x0000016fe9f20000, 0x0000016ff0c30000]
CodeHeap 'non-nmethods': size=5696Kb used=2213Kb max_used=2250Kb free=3482Kb
 bounds [0x0000016fe9170000, 0x0000016fe93e0000, 0x0000016fe9700000]
 total_blobs=4833 nmethods=4051 adapters=693
 compilation: enabled
              stopped_count=0, restarted_count=0
 full_count=0

Compilation events (20 events):
Event: 5.362 Thread 0x0000016ffe69f800 3990       3       java.util.IdentityHashMap::maskNull (12 bytes)
Event: 5.362 Thread 0x0000016ffe69f800 nmethod 3990 0x0000016fe9eef490 code [0x0000016fe9eef640, 0x0000016fe9eef778]
Event: 5.362 Thread 0x0000016ffe69f800 3991       3       java.util.IdentityHashMap::hash (18 bytes)
Event: 5.362 Thread 0x0000016ffe69f800 nmethod 3991 0x0000016fe9eef810 code [0x0000016fe9eef9c0, 0x0000016fe9eefae8]
Event: 5.362 Thread 0x0000016ffe69f800 3993       3       java.util.TreeMap::getEntryUsingComparator (74 bytes)
Event: 5.362 Thread 0x0000016ffe69f800 nmethod 3993 0x0000016fe9eefb90 code [0x0000016fe9eefd60, 0x0000016fe9ef0108]
Event: 5.363 Thread 0x0000016ffe69f800 3992       3       java.util.TreeMap$KeyIterator::next (8 bytes)
Event: 5.363 Thread 0x0000016ffe69f800 nmethod 3992 0x0000016fe9ef0290 code [0x0000016fe9ef0440, 0x0000016fe9ef0568]
Event: 5.363 Thread 0x0000016ffe69f800 3994       1       javax.management.ObjectName$Property::setKeyIndex (6 bytes)
Event: 5.363 Thread 0x0000016ffe69f800 nmethod 3994 0x0000016ff0e2b390 code [0x0000016ff0e2b540, 0x0000016ff0e2b5f8]
Event: 5.363 Thread 0x0000016ffe69f800 3995       3       javax.management.StandardMBean::equal (23 bytes)
Event: 5.363 Thread 0x0000016ffe69f800 nmethod 3995 0x0000016fe9ef0610 code [0x0000016fe9ef07e0, 0x0000016fe9ef0a48]
Event: 5.363 Thread 0x0000016ffe69f800 3996       3       javax.management.ImmutableDescriptor::getFieldValue (87 bytes)
Event: 5.364 Thread 0x0000016ffe69f800 nmethod 3996 0x0000016fe9ef0b10 code [0x0000016fe9ef0de0, 0x0000016fe9ef19d8]
Event: 5.364 Thread 0x0000016ffe69f800 3997       3       javax.management.ImmutableDescriptor::checkIllegalFieldName (19 bytes)
Event: 5.364 Thread 0x0000016ffe69f800 nmethod 3997 0x0000016fe9ef1e90 code [0x0000016fe9ef2080, 0x0000016fe9ef23a8]
Event: 5.365 Thread 0x0000016ffe69f800 3998       1       javax.management.MBeanFeatureInfo::getName (5 bytes)
Event: 5.365 Thread 0x0000016ffe69f800 nmethod 3998 0x0000016ff0e2b690 code [0x0000016ff0e2b840, 0x0000016ff0e2b8f8]
Event: 5.366 Thread 0x0000016ffe69f800 3999       3       javax.management.ImmutableDescriptor::isEmpty (46 bytes)
Event: 5.366 Thread 0x0000016ffe69f800 nmethod 3999 0x0000016fe9ef2510 code [0x0000016fe9ef2700, 0x0000016fe9ef2d68]

GC Heap History (14 events):
Event: 0.520 GC heap before
{Heap before GC invocations=0 (full 0):
 garbage-first heap   total 131072K, used 19456K [0x00000000a0000000, 0x0000000100000000)
  region size 1024K, 14 young (14336K), 0 survivors (0K)
 Metaspace       used 9607K, capacity 9781K, committed 10112K, reserved 1058816K
  class space    used 978K, capacity 1027K, committed 1152K, reserved 1048576K
}
Event: 0.524 GC heap after
{Heap after GC invocations=1 (full 0):
 garbage-first heap   total 131072K, used 7101K [0x00000000a0000000, 0x0000000100000000)
  region size 1024K, 2 young (2048K), 2 survivors (2048K)
 Metaspace       used 9607K, capacity 9781K, committed 10112K, reserved 1058816K
  class space    used 978K, capacity 1027K, committed 1152K, reserved 1048576K
}
Event: 0.714 GC heap before
{Heap before GC invocations=1 (full 0):
 garbage-first heap   total 131072K, used 17341K [0x00000000a0000000, 0x0000000100000000)
  region size 1024K, 12 young (12288K), 2 survivors (2048K)
 Metaspace       used 10715K, capacity 10923K, committed 11264K, reserved 1058816K
  class space    used 1131K, capacity 1194K, committed 1280K, reserved 1048576K
}
Event: 0.717 GC heap after
{Heap after GC invocations=2 (full 0):
 garbage-first heap   total 131072K, used 7721K [0x00000000a0000000, 0x0000000100000000)
  region size 1024K, 1 young (1024K), 1 survivors (1024K)
 Metaspace       used 10715K, capacity 10923K, committed 11264K, reserved 1058816K
  class space    used 1131K, capacity 1194K, committed 1280K, reserved 1048576K
}
Event: 1.180 GC heap before
{Heap before GC invocations=2 (full 0):
 garbage-first heap   total 131072K, used 34345K [0x00000000a0000000, 0x0000000100000000)
  region size 1024K, 28 young (28672K), 1 survivors (1024K)
 Metaspace       used 12283K, capacity 12530K, committed 12800K, reserved 1060864K
  class space    used 1333K, capacity 1431K, committed 1536K, reserved 1048576K
}
Event: 1.184 GC heap after
{Heap after GC invocations=3 (full 0):
 garbage-first heap   total 131072K, used 12681K [0x00000000a0000000, 0x0000000100000000)
  region size 1024K, 4 young (4096K), 4 survivors (4096K)
 Metaspace       used 12283K, capacity 12530K, committed 12800K, reserved 1060864K
  class space    used 1333K, capacity 1431K, committed 1536K, reserved 1048576K
}
Event: 2.585 GC heap before
{Heap before GC invocations=3 (full 0):
 garbage-first heap   total 131072K, used 55689K [0x00000000a0000000, 0x0000000100000000)
  region size 1024K, 47 young (48128K), 4 survivors (4096K)
 Metaspace       used 20675K, capacity 21137K, committed 21248K, reserved 1067008K
  class space    used 2595K, capacity 2754K, committed 2816K, reserved 1048576K
}
Event: 2.596 GC heap after
{Heap after GC invocations=4 (full 0):
 garbage-first heap   total 131072K, used 15297K [0x00000000a0000000, 0x0000000100000000)
  region size 1024K, 3 young (3072K), 3 survivors (3072K)
 Metaspace       used 20675K, capacity 21137K, committed 21248K, reserved 1067008K
  class space    used 2595K, capacity 2754K, committed 2816K, reserved 1048576K
}
Event: 3.625 GC heap before
{Heap before GC invocations=5 (full 0):
 garbage-first heap   total 131072K, used 79809K [0x00000000a0000000, 0x0000000100000000)
  region size 1024K, 57 young (58368K), 3 survivors (3072K)
 Metaspace       used 30792K, capacity 31355K, committed 31616K, reserved 1077248K
  class space    used 3933K, capacity 4145K, committed 4224K, reserved 1048576K
}
Event: 3.632 GC heap after
{Heap after GC invocations=6 (full 0):
 garbage-first heap   total 131072K, used 31324K [0x00000000a0000000, 0x0000000100000000)
  region size 1024K, 8 young (8192K), 8 survivors (8192K)
 Metaspace       used 30792K, capacity 31355K, committed 31616K, reserved 1077248K
  class space    used 3933K, capacity 4145K, committed 4224K, reserved 1048576K
}
Event: 3.983 GC heap before
{Heap before GC invocations=6 (full 0):
 garbage-first heap   total 131072K, used 61020K [0x00000000a0000000, 0x0000000100000000)
  region size 1024K, 36 young (36864K), 8 survivors (8192K)
 Metaspace       used 35075K, capacity 35673K, committed 35840K, reserved 1081344K
  class space    used 4384K, capacity 4599K, committed 4608K, reserved 1048576K
}
Event: 3.992 GC heap after
{Heap after GC invocations=7 (full 0):
 garbage-first heap   total 131072K, used 32458K [0x00000000a0000000, 0x0000000100000000)
  region size 1024K, 2 young (2048K), 2 survivors (2048K)
 Metaspace       used 35075K, capacity 35673K, committed 35840K, reserved 1081344K
  class space    used 4384K, capacity 4599K, committed 4608K, reserved 1048576K
}
Event: 4.596 GC heap before
{Heap before GC invocations=8 (full 0):
 garbage-first heap   total 131072K, used 81610K [0x00000000a0000000, 0x0000000100000000)
  region size 1024K, 50 young (51200K), 2 survivors (2048K)
 Metaspace       used 38911K, capacity 39613K, committed 39808K, reserved 1083392K
  class space    used 5003K, capacity 5230K, committed 5248K, reserved 1048576K
}
Event: 4.601 GC heap after
{Heap after GC invocations=9 (full 0):
 garbage-first heap   total 157696K, used 34785K [0x00000000a0000000, 0x0000000100000000)
  region size 1024K, 4 young (4096K), 4 survivors (4096K)
 Metaspace       used 38911K, capacity 39613K, committed 39808K, reserved 1083392K
  class space    used 5003K, capacity 5230K, committed 5248K, reserved 1048576K
}

Deoptimization events (20 events):
Event: 5.188 Thread 0x0000016f809be800 Uncommon trap: trap_request=0xffffff4d fr.pc=0x0000016ff0ca1590 relative=0x0000000000000830
Event: 5.188 Thread 0x0000016f809be800 Uncommon trap: reason=unstable_if action=reinterpret pc=0x0000016ff0ca1590 method=java.util.jar.JarFile.match([B[B[B[B)I @ 52 c2
Event: 5.188 Thread 0x0000016f809be800 DEOPT PACKING pc=0x0000016ff0ca1590 sp=0x00000010a8df1430
Event: 5.188 Thread 0x0000016f809be800 DEOPT UNPACKING pc=0x0000016fe91978af sp=0x00000010a8df1320 mode 2
Event: 5.189 Thread 0x0000016f809be800 Uncommon trap: trap_request=0xffffff4d fr.pc=0x0000016ff0c8d514 relative=0x00000000000002d4
Event: 5.189 Thread 0x0000016f809be800 Uncommon trap: reason=unstable_if action=reinterpret pc=0x0000016ff0c8d514 method=java.util.jar.JarFile.match([B[B[B[B)I @ 52 c2
Event: 5.189 Thread 0x0000016f809be800 DEOPT PACKING pc=0x0000016ff0c8d514 sp=0x00000010a8df1380
Event: 5.189 Thread 0x0000016f809be800 DEOPT UNPACKING pc=0x0000016fe91978af sp=0x00000010a8df1318 mode 2
Event: 5.197 Thread 0x0000016f809be800 DEOPT PACKING pc=0x0000016fe9b63888 sp=0x00000010a8df6c60
Event: 5.197 Thread 0x0000016f809be800 DEOPT UNPACKING pc=0x0000016fe91976ce sp=0x00000010a8df6158 mode 0
Event: 5.214 Thread 0x0000016f809be800 DEOPT PACKING pc=0x0000016fe97aa3cc sp=0x00000010a8df9020
Event: 5.214 Thread 0x0000016f809be800 DEOPT UNPACKING pc=0x0000016fe91976ce sp=0x00000010a8df85c0 mode 0
Event: 5.286 Thread 0x0000016f809be800 Uncommon trap: trap_request=0xffffff4d fr.pc=0x0000016ff0d26520 relative=0x0000000000000920
Event: 5.287 Thread 0x0000016f809be800 Uncommon trap: reason=unstable_if action=reinterpret pc=0x0000016ff0d26520 method=java.io.BufferedInputStream.read([BII)I @ 56 c2
Event: 5.287 Thread 0x0000016f809be800 DEOPT PACKING pc=0x0000016ff0d26520 sp=0x00000010a8df8f10
Event: 5.287 Thread 0x0000016f809be800 DEOPT UNPACKING pc=0x0000016fe91978af sp=0x00000010a8df8ec8 mode 2
Event: 5.314 Thread 0x0000016f809be800 Uncommon trap: trap_request=0xffffff4d fr.pc=0x0000016ff0d480f8 relative=0x0000000000000058
Event: 5.314 Thread 0x0000016f809be800 Uncommon trap: reason=unstable_if action=reinterpret pc=0x0000016ff0d480f8 method=java.util.Objects.equals(Ljava/lang/Object;Ljava/lang/Object;)Z @ 6 c2
Event: 5.314 Thread 0x0000016f809be800 DEOPT PACKING pc=0x0000016ff0d480f8 sp=0x00000010a8dfa3a0
Event: 5.314 Thread 0x0000016f809be800 DEOPT UNPACKING pc=0x0000016fe91978af sp=0x00000010a8dfa340 mode 2

Classes redefined (0 events):
No events

Internal exceptions (20 events):
Event: 5.188 Thread 0x0000016f809be800 Exception <a 'java/security/PrivilegedActionException'{0x00000000a758e758}> (0x00000000a758e758) thrown at [./src/hotspot/share/prims/jvm.cpp, line 1306]
Event: 5.188 Thread 0x0000016f809be800 Exception <a 'java/security/PrivilegedActionException'{0x00000000a7591698}> (0x00000000a7591698) thrown at [./src/hotspot/share/prims/jvm.cpp, line 1306]
Event: 5.188 Thread 0x0000016f809be800 Exception <a 'java/security/PrivilegedActionException'{0x00000000a7592958}> (0x00000000a7592958) thrown at [./src/hotspot/share/prims/jvm.cpp, line 1306]
Event: 5.190 Thread 0x0000016f809be800 Exception <a 'java/lang/ClassNotFoundException'{0x00000000a75ae2c0}: org/gradle/api/tasks/Delete_DecoratedBeanInfo> (0x00000000a75ae2c0) thrown at [./src/hotspot/share/classfile/systemDictionary.cpp, line 231]
Event: 5.191 Thread 0x0000016f809be800 Exception <a 'java/lang/ClassNotFoundException'{0x00000000a75ca540}: org/gradle/api/tasks/DeleteBeanInfo> (0x00000000a75ca540) thrown at [./src/hotspot/share/classfile/systemDictionary.cpp, line 231]
Event: 5.191 Thread 0x0000016f809be800 Exception <a 'java/lang/ClassNotFoundException'{0x00000000a75e82b0}: org/gradle/api/internal/ConventionTaskBeanInfo> (0x00000000a75e82b0) thrown at [./src/hotspot/share/classfile/systemDictionary.cpp, line 231]
Event: 5.192 Thread 0x0000016f809be800 Exception <a 'java/lang/ClassNotFoundException'{0x00000000a7405180}: org/gradle/api/DefaultTaskBeanInfo> (0x00000000a7405180) thrown at [./src/hotspot/share/classfile/systemDictionary.cpp, line 231]
Event: 5.192 Thread 0x0000016f809be800 Exception <a 'java/lang/ClassNotFoundException'{0x00000000a7424830}: org/gradle/api/internal/AbstractTaskBeanInfo> (0x00000000a7424830) thrown at [./src/hotspot/share/classfile/systemDictionary.cpp, line 231]
Event: 5.193 Thread 0x0000016f809be800 Exception <a 'java/lang/ClassNotFoundException'{0x00000000a7443ef8}: org/gradle/api/internal/AbstractTaskCustomizer> (0x00000000a7443ef8) thrown at [./src/hotspot/share/classfile/systemDictionary.cpp, line 231]
Event: 5.197 Thread 0x0000016f809be800 Exception <a 'java/lang/ClassNotFoundException'{0x00000000a749f178}: org/gradle/api/DefaultTaskCustomizer> (0x00000000a749f178) thrown at [./src/hotspot/share/classfile/systemDictionary.cpp, line 231]
Event: 5.198 Thread 0x0000016f809be800 Exception <a 'java/lang/ClassNotFoundException'{0x00000000a74c8df8}: org/gradle/api/internal/ConventionTaskCustomizer> (0x00000000a74c8df8) thrown at [./src/hotspot/share/classfile/systemDictionary.cpp, line 231]
Event: 5.199 Thread 0x0000016f809be800 Exception <a 'java/lang/ClassNotFoundException'{0x00000000a74f3a08}: org/gradle/api/tasks/DeleteCustomizer> (0x00000000a74f3a08) thrown at [./src/hotspot/share/classfile/systemDictionary.cpp, line 231]
Event: 5.200 Thread 0x0000016f809be800 Exception <a 'java/lang/ClassNotFoundException'{0x00000000a7324dd0}: org/gradle/api/tasks/Delete_DecoratedCustomizer> (0x00000000a7324dd0) thrown at [./src/hotspot/share/classfile/systemDictionary.cpp, line 231]
Event: 5.216 Thread 0x0000016f809be800 Exception <a 'java/lang/ClassNotFoundException'{0x00000000a73e7270}: build_ehdbpqr2lw2h5n3g0zu85qjxkBeanInfo> (0x00000000a73e7270) thrown at [./src/hotspot/share/classfile/systemDictionary.cpp, line 231]
Event: 5.216 Thread 0x0000016f809be800 Exception <a 'java/lang/ClassNotFoundException'{0x00000000a73efd00}: build_ehdbpqr2lw2h5n3g0zu85qjxkCustomizer> (0x00000000a73efd00) thrown at [./src/hotspot/share/classfile/systemDictionary.cpp, line 231]
Event: 5.220 Thread 0x0000016f809be800 Exception <a 'java/lang/ClassNotFoundException'{0x00000000a723af40}: org/gradle/api/internal/plugins/DefaultObjectConfigurationActionBeanInfo> (0x00000000a723af40) thrown at [./src/hotspot/share/classfile/systemDictionary.cpp, line 231]
Event: 5.221 Thread 0x0000016f809be800 Exception <a 'java/lang/ClassNotFoundException'{0x00000000a725e468}: org/gradle/api/internal/plugins/DefaultObjectConfigurationActionCustomizer> (0x00000000a725e468) thrown at [./src/hotspot/share/classfile/systemDictionary.cpp, line 231]
Event: 5.308 Thread 0x0000016f809be800 Exception <a 'java/lang/NoSuchMethodError'{0x00000000a6bc5be0}: 'void java.lang.invoke.DirectMethodHandle$Holder.invokeStatic(java.lang.Object, java.lang.Object, java.lang.Object, java.lang.Object, java.lang.Object)'> (0x00000000a6bc5be0) thrown at [./src/hotspot/share/interpreter/linkResolver.cpp, line 773]
Event: 5.338 Thread 0x0000016f809be800 Exception <a 'java/lang/NoSuchMethodError'{0x00000000a6af6348}: 'int java.lang.invoke.DirectMethodHandle$Holder.invokeInterface(java.lang.Object, java.lang.Object)'> (0x00000000a6af6348) thrown at [./src/hotspot/share/interpreter/linkResolver.cpp, line 773]
Event: 5.338 Thread 0x0000016f809be800 Exception <a 'java/lang/IncompatibleClassChangeError'{0x00000000a6af9e08}: Found class java.lang.Object, but interface was expected> (0x00000000a6af9e08) thrown at [./src/hotspot/share/interpreter/linkResolver.cpp, line 839]

Events (20 events):
Event: 5.364 loading class java/util/logging/Logging done
Event: 5.365 loading class javax/management/openmbean/OpenMBeanParameterInfoSupport
Event: 5.365 loading class javax/management/openmbean/OpenMBeanParameterInfoSupport done
Event: 5.365 loading class javax/management/openmbean/OpenMBeanOperationInfoSupport
Event: 5.365 loading class javax/management/openmbean/OpenMBeanOperationInfo
Event: 5.365 loading class javax/management/openmbean/OpenMBeanOperationInfo done
Event: 5.365 loading class javax/management/openmbean/OpenMBeanOperationInfoSupport done
Event: 5.365 loading class javax/management/MBeanInfo$ArrayGettersSafeAction
Event: 5.365 loading class javax/management/MBeanInfo$ArrayGettersSafeAction done
Event: 5.366 loading class sun/management/ClassLoadingImpl
Event: 5.366 loading class java/lang/management/ClassLoadingMXBean
Event: 5.366 loading class java/lang/management/ClassLoadingMXBean done
Event: 5.366 loading class sun/management/ClassLoadingImpl done
Event: 5.366 loading class com/sun/management/internal/DiagnosticCommandImpl$OperationInfoComparator
Event: 5.366 loading class com/sun/management/internal/DiagnosticCommandImpl$OperationInfoComparator done
Event: 5.366 loading class com/sun/management/internal/DiagnosticCommandInfo
Event: 5.366 loading class com/sun/management/internal/DiagnosticCommandInfo done
Event: 5.366 loading class com/sun/management/internal/DiagnosticCommandArgumentInfo
Event: 5.366 loading class com/sun/management/internal/DiagnosticCommandArgumentInfo done
Event: 5.367 loading class com/sun/management/internal/DiagnosticCommandImpl$Wrapper


Dynamic libraries:
0x00007ff65e240000 - 0x00007ff65e24a000 	C:\Program Files\Android\Android Studio\jre\bin\java.exe
0x00007ffa729f0000 - 0x00007ffa72be5000 	C:\WINDOWS\SYSTEM32\ntdll.dll
0x00007ffa70d80000 - 0x00007ffa70e3d000 	C:\WINDOWS\System32\KERNEL32.DLL
0x00007ffa70120000 - 0x00007ffa703e9000 	C:\WINDOWS\System32\KERNELBASE.dll
0x00007ffa70500000 - 0x00007ffa70600000 	C:\WINDOWS\System32\ucrtbase.dll
0x00007ffa54ab0000 - 0x00007ffa54ac7000 	C:\Program Files\Android\Android Studio\jre\bin\VCRUNTIME140.dll
0x00007ffa4ff70000 - 0x00007ffa4ff89000 	C:\Program Files\Android\Android Studio\jre\bin\jli.dll
0x00007ffa70e40000 - 0x00007ffa70fe0000 	C:\WINDOWS\System32\USER32.dll
0x00007ffa708e0000 - 0x00007ffa70902000 	C:\WINDOWS\System32\win32u.dll
0x00007ffa5d3d0000 - 0x00007ffa5d66a000 	C:\WINDOWS\WinSxS\amd64_microsoft.windows.common-controls_6595b64144ccf1df_6.0.19041.1110_none_60b5254171f9507e\COMCTL32.dll
0x00007ffa724b0000 - 0x00007ffa724da000 	C:\WINDOWS\System32\GDI32.dll
0x00007ffa703f0000 - 0x00007ffa704fb000 	C:\WINDOWS\System32\gdi32full.dll
0x00007ffa707b0000 - 0x00007ffa7084d000 	C:\WINDOWS\System32\msvcp_win.dll
0x00007ffa71a50000 - 0x00007ffa71aee000 	C:\WINDOWS\System32\msvcrt.dll
0x00007ffa72980000 - 0x00007ffa729b0000 	C:\WINDOWS\System32\IMM32.DLL
0x00007ffa3cac0000 - 0x00007ffa3cb5d000 	C:\Program Files\Android\Android Studio\jre\bin\msvcp140.dll
0x00007ffa3bcb0000 - 0x00007ffa3c77f000 	C:\Program Files\Android\Android Studio\jre\bin\server\jvm.dll
0x00007ffa711a0000 - 0x00007ffa7124c000 	C:\WINDOWS\System32\ADVAPI32.dll
0x00007ffa70ce0000 - 0x00007ffa70d7b000 	C:\WINDOWS\System32\sechost.dll
0x00007ffa71920000 - 0x00007ffa71a4a000 	C:\WINDOWS\System32\RPCRT4.dll
0x00007ffa70a50000 - 0x00007ffa70a58000 	C:\WINDOWS\System32\PSAPI.DLL
0x00007ffa6cee0000 - 0x00007ffa6cee9000 	C:\WINDOWS\SYSTEM32\WSOCK32.dll
0x00007ffa71c50000 - 0x00007ffa71cbb000 	C:\WINDOWS\System32\WS2_32.dll
0x00007ffa62460000 - 0x00007ffa62487000 	C:\WINDOWS\SYSTEM32\WINMM.dll
0x00007ffa6dc60000 - 0x00007ffa6dc6a000 	C:\WINDOWS\SYSTEM32\VERSION.dll
0x00007ffa6e0c0000 - 0x00007ffa6e0d2000 	C:\WINDOWS\SYSTEM32\kernel.appcore.dll
0x00007ffa5a6a0000 - 0x00007ffa5a6b1000 	C:\Program Files\Android\Android Studio\jre\bin\verify.dll
0x00007ffa5a8c0000 - 0x00007ffa5aaa4000 	C:\WINDOWS\SYSTEM32\DBGHELP.DLL
0x00007ffa5a890000 - 0x00007ffa5a8bc000 	C:\WINDOWS\SYSTEM32\dbgcore.DLL
0x00007ffa70850000 - 0x00007ffa708d3000 	C:\WINDOWS\System32\bcryptPrimitives.dll
0x00007ffa56bd0000 - 0x00007ffa56bf9000 	C:\Program Files\Android\Android Studio\jre\bin\java.dll
0x00007ffa5caa0000 - 0x00007ffa5caab000 	C:\Program Files\Android\Android Studio\jre\bin\jimage.dll
0x00007ffa585f0000 - 0x00007ffa58608000 	C:\Program Files\Android\Android Studio\jre\bin\zip.dll
0x00007ffa71d70000 - 0x00007ffa724af000 	C:\WINDOWS\System32\SHELL32.dll
0x00007ffa6e230000 - 0x00007ffa6e9c0000 	C:\WINDOWS\SYSTEM32\windows.storage.dll
0x00007ffa724e0000 - 0x00007ffa72835000 	C:\WINDOWS\System32\combase.dll
0x00007ffa6fb80000 - 0x00007ffa6fbac000 	C:\WINDOWS\SYSTEM32\Wldp.dll
0x00007ffa71cc0000 - 0x00007ffa71d6e000 	C:\WINDOWS\System32\SHCORE.dll
0x00007ffa71250000 - 0x00007ffa712a5000 	C:\WINDOWS\System32\shlwapi.dll
0x00007ffa70060000 - 0x00007ffa7007f000 	C:\WINDOWS\SYSTEM32\profapi.dll
0x00007ffa56bb0000 - 0x00007ffa56bca000 	C:\Program Files\Android\Android Studio\jre\bin\net.dll
0x00007ffa61d80000 - 0x00007ffa61e88000 	C:\WINDOWS\SYSTEM32\WINHTTP.dll
0x00007ffa6f8e0000 - 0x00007ffa6f94a000 	C:\WINDOWS\system32\mswsock.dll
0x00007ffa56b50000 - 0x00007ffa56b64000 	C:\Program Files\Android\Android Studio\jre\bin\nio.dll
0x00007ffa51ed0000 - 0x00007ffa51ef6000 	C:\Users\User\.gradle\native\29\windows-amd64\native-platform.dll
0x00007ffa59100000 - 0x00007ffa5910a000 	C:\Program Files\Android\Android Studio\jre\bin\management.dll
0x00007ffa58eb0000 - 0x00007ffa58ebc000 	C:\Program Files\Android\Android Studio\jre\bin\management_ext.dll
0x00007ffa6fad0000 - 0x00007ffa6fae8000 	C:\WINDOWS\SYSTEM32\CRYPTSP.dll
0x00007ffa6f1f0000 - 0x00007ffa6f224000 	C:\WINDOWS\system32\rsaenh.dll
0x00007ffa70970000 - 0x00007ffa70997000 	C:\WINDOWS\System32\bcrypt.dll
0x00007ffa6ffe0000 - 0x00007ffa7000e000 	C:\WINDOWS\SYSTEM32\USERENV.dll
0x00007ffa6faf0000 - 0x00007ffa6fafc000 	C:\WINDOWS\SYSTEM32\CRYPTBASE.dll
0x00007ffa6f580000 - 0x00007ffa6f5bb000 	C:\WINDOWS\SYSTEM32\IPHLPAPI.DLL
0x00007ffa71190000 - 0x00007ffa71198000 	C:\WINDOWS\System32\NSI.dll
0x00007ffa63a20000 - 0x00007ffa63a37000 	C:\WINDOWS\SYSTEM32\dhcpcsvc6.DLL
0x00007ffa66780000 - 0x00007ffa6679d000 	C:\WINDOWS\SYSTEM32\dhcpcsvc.DLL
0x00007ffa6f5c0000 - 0x00007ffa6f68c000 	C:\WINDOWS\SYSTEM32\DNSAPI.dll

dbghelp: loaded successfully - version: 4.0.5 - missing functions: none
symbol engine: initialized successfully - sym options: 0x614 - pdb path: .;C:\Program Files\Android\Android Studio\jre\bin;C:\WINDOWS\SYSTEM32;C:\WINDOWS\WinSxS\amd64_microsoft.windows.common-controls_6595b64144ccf1df_6.0.19041.1110_none_60b5254171f9507e;C:\Program Files\Android\Android Studio\jre\bin\server;C:\Users\User\.gradle\native\29\windows-amd64

VM Arguments:
jvm_args: --add-opens=java.base/java.util=ALL-UNNAMED --add-opens=java.base/java.lang=ALL-UNNAMED --add-opens=java.base/java.lang.invoke=ALL-UNNAMED --add-opens=java.prefs/java.util.prefs=ALL-UNNAMED -Xmx1536m -Dfile.encoding=windows-1252 -Duser.country=PH -Duser.language=en -Duser.variant 
java_command: org.gradle.launcher.daemon.bootstrap.GradleDaemon 5.4.1
java_class_path (initial): C:\Users\User\.gradle\wrapper\dists\gradle-5.4.1-all\3221gyojl5jsh0helicew7rwx\gradle-5.4.1\lib\gradle-launcher-5.4.1.jar
Launcher Type: SUN_STANDARD

[Global flags]
     intx CICompilerCount                          = 3                                         {product} {ergonomic}
     uint ConcGCThreads                            = 1                                         {product} {ergonomic}
     uint G1ConcRefinementThreads                  = 4                                         {product} {ergonomic}
   size_t G1HeapRegionSize                         = 1048576                                   {product} {ergonomic}
    uintx GCDrainStackTargetSize                   = 64                                        {product} {ergonomic}
   size_t InitialHeapSize                          = 134217728                                 {product} {ergonomic}
   size_t MarkStackSize                            = 4194304                                   {product} {ergonomic}
   size_t MaxHeapSize                              = 1610612736                                {product} {command line}
   size_t MaxNewSize                               = 965738496                                 {product} {ergonomic}
   size_t MinHeapDeltaBytes                        = 1048576                                   {product} {ergonomic}
    uintx NonNMethodCodeHeapSize                   = 5830732                                {pd product} {ergonomic}
    uintx NonProfiledCodeHeapSize                  = 122913754                              {pd product} {ergonomic}
    uintx ProfiledCodeHeapSize                     = 122913754                              {pd product} {ergonomic}
    uintx ReservedCodeCacheSize                    = 251658240                              {pd product} {ergonomic}
     bool SegmentedCodeCache                       = true                                      {product} {ergonomic}
     bool UseCompressedClassPointers               = true                                 {lp64_product} {ergonomic}
     bool UseCompressedOops                        = true                                 {lp64_product} {ergonomic}
     bool UseG1GC                                  = true                                      {product} {ergonomic}
     bool UseLargePagesIndividualAllocation        = false                                  {pd product} {ergonomic}

Logging:
Log output configuration:
 #0: stdout all=warning uptime,level,tags
 #1: stderr all=off uptime,level,tags

Environment Variables:
PATH=C:\Program Files (x86)\Common Files\Oracle\Java\javapath;C:\ProgramData\Oracle\Java\javapath;C:\Program Files (x86)\Intel\iCLS Client\;C:\Program Files\Intel\iCLS Client\;C:\Windows\system32;C:\Windows;C:\Windows\System32\Wbem;C:\Windows\System32\WindowsPowerShell\v1.0\;C:\Program Files (x86)\Intel\Intel(R) Management Engine Components\DAL;C:\Program Files\Intel\Intel(R) Management Engine Components\DAL;C:\Program Files (x86)\Intel\Intel(R) Management Engine Components\IPT;C:\Program Files\Intel\Intel(R) Management Engine Components\IPT;C:\Program Files (x86)\NVIDIA Corporation\PhysX\Common;C:\WINDOWS\system32\config\systemprofile\.dnx\bin;C:\Program Files\Microsoft DNX\Dnvm\;C:\Program Files\Microsoft SQL Server\120\Tools\Binn\;C:\Program Files\Microsoft SQL Server\130\Tools\Binn\;C:\WINDOWS\system32;C:\WINDOWS;C:\WINDOWS\System32\Wbem;C:\WINDOWS\System32\WindowsPowerShell\v1.0\;C:\WINDOWS\System32\OpenSSH\;C:\Program Files\Git\cmd;C:\Anaconda;C:\Anaconda\Library\mingw-w64\bin;C:\Anaconda\Library\usr\bin;C:\Anaconda\Library\bin;C:\Anaconda\Scripts;C:\Users\User\AppData\Local\Microsoft\WindowsApps;C:\Gradle\gradle-4.10.2\bin;C:\Users\User\AppData\Local\atom\bin;C:\Users\User\AppData\Local\Microsoft\WindowsApps;C:\Users\User\AppData\Local\GitHubDesktop\bin
USERNAME=User
OS=Windows_NT
PROCESSOR_IDENTIFIER=Intel64 Family 6 Model 158 Stepping 9, GenuineIntel



---------------  S Y S T E M  ---------------

OS: Windows 10 , 64 bit Build 19041 (10.0.19041.1151)
OS uptime: 0 days 0:17 hours

CPU:total 4 (initial active 4) (4 cores per cpu, 1 threads per core) family 6 model 158 stepping 9 microcode 0xb4, cmov, cx8, fxsr, mmx, sse, sse2, sse3, ssse3, sse4.1, sse4.2, popcnt, avx, avx2, aes, clmul, erms, 3dnowpref, lzcnt, tsc, tscinvbit, bmi1, bmi2, adx, fma

Memory: 4k page, system-wide physical 8075M (4144M free)
TotalPageFile size 14219M (AvailPageFile size 9422M)
current process WorkingSet (physical memory assigned to process): 264M, peak: 273M
current process commit charge ("private bytes"): 325M, peak: 341M

vm_info: OpenJDK 64-Bit Server VM (11.0.10+0-b96-7249189) for windows-amd64 JRE (11.0.10+0-b96-7249189), built on Mar 31 2021 21:44:00 by "builder" with MS VC++ 14.0 (VS2015)

END.
